INFO:2021-04-28 14:03:07,407:abl.webconnector.main:Start
INFO:2021-04-28 14:03:07,419:abl.webconnector.main:Cleanup event logs.
INFO:2021-04-28 14:03:12,424:abl.webconnector.main:Upload info.
INFO:2021-04-28 14:03:12,430:abl.webconnector.auto_updates:Checking for auto updates from 11.0.2
INFO:2021-04-28 14:03:13,159:abl.webconnector.auto_updates:No update found; terminating
INFO:2021-04-28 14:03:13,430:abl.webconnector.main:End
INFO:2021-04-28 14:19:58,696:abl.webconnector.main:Start
INFO:2021-04-28 14:19:58,705:abl.webconnector.main:Cleanup event logs.
INFO:2021-04-28 14:20:03,707:abl.webconnector.main:Upload info.
INFO:2021-04-28 14:20:03,712:abl.webconnector.auto_updates:Checking for auto updates from 11.0.2
INFO:2021-04-28 14:20:04,471:abl.webconnector.auto_updates:No update found; terminating
INFO:2021-04-28 14:20:04,717:abl.webconnector.main:End
INFO:2021-05-03 13:05:53,525:abl.webconnector.main:Start
INFO:2021-05-03 13:05:53,530:abl.webconnector.main:Cleanup event logs.
INFO:2021-05-03 13:05:58,533:abl.webconnector.main:Upload info.
INFO:2021-05-03 13:05:58,536:abl.webconnector.auto_updates:Checking for auto updates from 11.0.2
INFO:2021-05-03 13:05:59,319:abl.webconnector.auto_updates:No update found; terminating
INFO:2021-05-03 13:05:59,538:abl.webconnector.main:End
INFO:2021-05-05 14:06:10,133:abl.webconnector.main:Start
INFO:2021-05-05 14:06:10,153:abl.webconnector.main:Cleanup event logs.
INFO:2021-05-05 14:06:15,159:abl.webconnector.main:Upload info.
INFO:2021-05-05 14:06:15,168:abl.webconnector.auto_updates:Checking for auto updates from 11.0.2
INFO:2021-05-05 14:06:15,909:abl.webconnector.auto_updates:No update found; terminating
INFO:2021-05-05 14:06:16,173:abl.webconnector.main:End
INFO:2021-05-12 14:14:09,788:abl.webconnector.main:Start
INFO:2021-05-12 14:14:09,810:abl.webconnector.main:Cleanup event logs.
INFO:2021-05-12 14:14:14,813:abl.webconnector.main:Upload info.
INFO:2021-05-12 14:14:14,817:abl.webconnector.auto_updates:Checking for auto updates from 11.0.2
INFO:2021-05-12 14:14:15,549:abl.webconnector.auto_updates:No update found; terminating
INFO:2021-05-12 14:14:15,818:abl.webconnector.main:End
INFO:2021-05-17 13:11:50,188:abl.webconnector.main:Start
INFO:2021-05-17 13:11:50,196:abl.webconnector.main:Cleanup event logs.
INFO:2021-05-17 13:11:55,201:abl.webconnector.main:Upload info.
INFO:2021-05-17 13:11:55,211:abl.webconnector.auto_updates:Checking for auto updates from 11.0.2
INFO:2021-05-17 13:11:55,940:abl.webconnector.auto_updates:No update found; terminating
INFO:2021-05-17 13:11:56,216:abl.webconnector.main:End
INFO:2021-05-19 14:16:53,331:abl.webconnector.main:Start
INFO:2021-05-19 14:16:53,432:abl.webconnector.main:Cleanup event logs.
INFO:2021-05-19 14:16:58,441:abl.webconnector.main:Upload info.
INFO:2021-05-19 14:16:58,448:abl.webconnector.auto_updates:Checking for auto updates from 11.0.2
INFO:2021-05-19 14:16:59,338:abl.webconnector.auto_updates:No update found; terminating
INFO:2021-05-19 14:16:59,453:abl.webconnector.main:End
INFO:2021-05-24 13:07:08,463:abl.webconnector.main:Start
INFO:2021-05-24 13:07:08,468:abl.webconnector.main:Cleanup event logs.
INFO:2021-05-24 13:07:13,473:abl.webconnector.main:Upload info.
INFO:2021-05-24 13:07:13,479:abl.webconnector.auto_updates:Checking for auto updates from 11.0.2
INFO:2021-05-24 13:07:14,224:abl.webconnector.auto_updates:No update found; terminating
INFO:2021-05-24 13:07:14,482:abl.webconnector.main:End
INFO:2021-05-24 17:59:41,004:abl.webconnector.main:Start
INFO:2021-05-24 17:59:41,012:abl.webconnector.main:Cleanup event logs.
INFO:2021-05-24 17:59:46,016:abl.webconnector.main:Upload info.
INFO:2021-05-24 17:59:46,022:abl.webconnector.auto_updates:Checking for auto updates from 11.0.2
INFO:2021-05-24 17:59:46,844:abl.webconnector.auto_updates:No update found; terminating
INFO:2021-05-24 17:59:47,028:abl.webconnector.main:End
INFO:2021-05-26 14:04:25,550:abl.webconnector.main:Start
INFO:2021-05-26 14:04:25,561:abl.webconnector.main:Cleanup event logs.
INFO:2021-05-26 14:04:30,567:abl.webconnector.main:Upload info.
INFO:2021-05-26 14:04:30,573:abl.webconnector.auto_updates:Checking for auto updates from 11.0.2
INFO:2021-05-26 14:04:31,318:abl.webconnector.auto_updates:No update found; terminating
INFO:2021-05-26 14:04:31,574:abl.webconnector.main:End
INFO:2021-06-02 14:06:55,397:abl.webconnector.main:Start
INFO:2021-06-02 14:06:55,402:abl.webconnector.main:Cleanup event logs.
INFO:2021-06-02 14:07:00,402:abl.webconnector.main:Upload info.
INFO:2021-06-02 14:07:00,412:abl.webconnector.auto_updates:Checking for auto updates from 11.0.2
INFO:2021-06-02 14:07:01,150:abl.webconnector.auto_updates:No update found; terminating
INFO:2021-06-02 14:07:01,415:abl.webconnector.main:End
INFO:2021-06-07 13:03:51,157:abl.webconnector.main:Start
INFO:2021-06-07 13:03:51,171:abl.webconnector.main:Cleanup event logs.
INFO:2021-06-07 13:03:56,173:abl.webconnector.main:Upload info.
INFO:2021-06-07 13:03:56,181:abl.webconnector.auto_updates:Checking for auto updates from 11.0.2
INFO:2021-06-07 13:03:56,935:abl.webconnector.auto_updates:No update found; terminating
INFO:2021-06-07 13:03:57,186:abl.webconnector.main:End
INFO:2021-06-11 14:08:08,363:abl.webconnector.main:Start
INFO:2021-06-11 14:08:08,404:abl.webconnector.main:Cleanup event logs.
INFO:2021-06-11 14:08:13,406:abl.webconnector.main:Upload info.
INFO:2021-06-11 14:08:13,418:abl.webconnector.auto_updates:Checking for auto updates from 11.0.2
INFO:2021-06-11 14:08:14,173:abl.webconnector.auto_updates:No update found; terminating
INFO:2021-06-11 14:08:14,423:abl.webconnector.main:End
INFO:2021-06-11 14:10:02,176:abl.webconnector.main:Start
INFO:2021-06-11 14:10:02,178:abl.webconnector.main:Cleanup event logs.
INFO:2021-06-11 14:10:07,181:abl.webconnector.main:Upload info.
INFO:2021-06-11 14:10:07,195:abl.webconnector.auto_updates:Checking for auto updates from 11.0.2
INFO:2021-06-11 14:10:08,004:abl.webconnector.auto_updates:No update found; terminating
INFO:2021-06-11 14:10:08,200:abl.webconnector.main:End
INFO:2021-06-11 17:21:50,850:abl.webconnector.main:Start
INFO:2021-06-11 17:21:50,883:abl.webconnector.main:Cleanup event logs.
INFO:2021-06-11 17:21:55,889:abl.webconnector.main:Upload info.
INFO:2021-06-11 17:21:55,900:abl.webconnector.auto_updates:Checking for auto updates from 11.0.2
INFO:2021-06-11 17:21:56,748:abl.webconnector.auto_updates:No update found; terminating
INFO:2021-06-11 17:21:56,905:abl.webconnector.main:End
INFO:2021-06-14 13:25:05,641:abl.webconnector.main:Start
INFO:2021-06-14 13:25:05,651:abl.webconnector.main:Cleanup event logs.
INFO:2021-06-14 13:25:10,657:abl.webconnector.main:Upload info.
INFO:2021-06-14 13:25:10,668:abl.webconnector.auto_updates:Checking for auto updates from 11.0.2
INFO:2021-06-14 13:25:11,445:abl.webconnector.auto_updates:No update found; terminating
INFO:2021-06-14 13:25:11,669:abl.webconnector.main:End
INFO:2021-06-16 14:23:29,935:abl.webconnector.main:Start
INFO:2021-06-16 14:23:29,943:abl.webconnector.main:Cleanup event logs.
INFO:2021-06-16 14:23:34,947:abl.webconnector.main:Upload info.
INFO:2021-06-16 14:23:34,959:abl.webconnector.auto_updates:Checking for auto updates from 11.0.2
INFO:2021-06-16 14:23:35,687:abl.webconnector.auto_updates:No update found; terminating
INFO:2021-06-16 14:23:35,964:abl.webconnector.main:End
INFO:2021-06-16 14:51:08,171:abl.webconnector.main:Start
INFO:2021-06-16 14:51:08,176:abl.webconnector.main:Cleanup event logs.
INFO:2021-06-16 14:51:13,181:abl.webconnector.main:Upload info.
INFO:2021-06-16 14:51:13,195:abl.webconnector.auto_updates:Checking for auto updates from 11.0.2
INFO:2021-06-16 14:51:13,929:abl.webconnector.auto_updates:No update found; terminating
INFO:2021-06-16 14:51:14,196:abl.webconnector.main:End
INFO:2021-06-20 09:51:08,558:abl.webconnector.main:Start
INFO:2021-06-20 09:51:08,565:abl.webconnector.main:Cleanup event logs.
INFO:2021-06-20 09:51:13,571:abl.webconnector.main:Upload info.
INFO:2021-06-20 09:51:13,585:abl.webconnector.auto_updates:Checking for auto updates from 11.0.2
INFO:2021-06-20 09:51:14,338:abl.webconnector.auto_updates:No update found; terminating
INFO:2021-06-20 09:51:14,589:abl.webconnector.main:End
INFO:2021-06-20 10:47:39,184:abl.webconnector.main:Start
INFO:2021-06-20 10:47:39,193:abl.webconnector.main:Cleanup event logs.
INFO:2021-06-20 10:47:44,198:abl.webconnector.main:Upload info.
INFO:2021-06-20 10:47:44,213:abl.webconnector.auto_updates:Checking for auto updates from 11.0.2
INFO:2021-06-20 10:47:44,946:abl.webconnector.auto_updates:No update found; terminating
INFO:2021-06-20 10:47:45,218:abl.webconnector.main:End
INFO:2021-06-20 11:31:24,137:abl.webconnector.main:Start
INFO:2021-06-20 11:31:24,151:abl.webconnector.main:Cleanup event logs.
INFO:2021-06-20 11:31:29,157:abl.webconnector.main:Upload info.
INFO:2021-06-20 11:31:29,172:abl.webconnector.auto_updates:Checking for auto updates from 11.0.2
INFO:2021-06-20 11:31:29,965:abl.webconnector.auto_updates:No update found; terminating
INFO:2021-06-20 11:31:30,177:abl.webconnector.main:End
INFO:2021-06-20 11:39:45,868:abl.webconnector.main:Start
INFO:2021-06-20 11:39:45,871:abl.webconnector.main:Cleanup event logs.
INFO:2021-06-20 11:39:50,872:abl.webconnector.main:Upload info.
INFO:2021-06-20 11:39:50,888:abl.webconnector.auto_updates:Checking for auto updates from 11.0.2
INFO:2021-06-20 11:39:51,722:abl.webconnector.auto_updates:No update found; terminating
INFO:2021-06-20 11:39:51,893:abl.webconnector.main:End
INFO:2021-06-20 11:54:00,683:abl.webconnector.main:Start
INFO:2021-06-20 11:54:00,722:abl.webconnector.main:Cleanup event logs.
INFO:2021-06-20 11:54:05,728:abl.webconnector.main:Upload info.
INFO:2021-06-20 11:54:05,745:abl.webconnector.auto_updates:Checking for auto updates from 11.0.2
INFO:2021-06-20 11:54:06,484:abl.webconnector.auto_updates:No update found; terminating
INFO:2021-06-20 11:54:06,751:abl.webconnector.main:End
INFO:2021-06-20 11:55:15,688:abl.webconnector.main:Start
INFO:2021-06-20 11:55:15,691:abl.webconnector.main:Cleanup event logs.
INFO:2021-06-20 11:55:20,697:abl.webconnector.main:Upload info.
INFO:2021-06-20 11:55:20,718:abl.webconnector.auto_updates:Checking for auto updates from 11.0.2
INFO:2021-06-20 11:55:21,492:abl.webconnector.auto_updates:No update found; terminating
INFO:2021-06-20 11:55:21,724:abl.webconnector.main:End
INFO:2021-06-20 21:15:37,187:abl.webconnector.main:Start
INFO:2021-06-20 21:15:37,193:abl.webconnector.main:Cleanup event logs.
INFO:2021-06-20 21:15:42,195:abl.webconnector.main:Upload info.
INFO:2021-06-20 21:15:42,214:abl.webconnector.auto_updates:Checking for auto updates from 11.0.2
INFO:2021-06-20 21:15:42,949:abl.webconnector.auto_updates:No update found; terminating
INFO:2021-06-20 21:15:43,219:abl.webconnector.main:End
INFO:2021-06-20 23:58:08,020:abl.webconnector.main:Start
INFO:2021-06-20 23:58:08,025:abl.webconnector.main:Cleanup event logs.
INFO:2021-06-20 23:58:13,029:abl.webconnector.main:Upload info.
INFO:2021-06-20 23:58:13,049:abl.webconnector.auto_updates:Checking for auto updates from 11.0.2
INFO:2021-06-20 23:58:13,788:abl.webconnector.auto_updates:No update found; terminating
INFO:2021-06-20 23:58:14,054:abl.webconnector.main:End
INFO:2021-06-21 09:42:20,207:abl.webconnector.main:Start
INFO:2021-06-21 09:42:20,211:abl.webconnector.main:Cleanup event logs.
INFO:2021-06-21 09:42:25,214:abl.webconnector.main:Upload info.
INFO:2021-06-21 09:42:25,233:abl.webconnector.auto_updates:Checking for auto updates from 11.0.2
INFO:2021-06-21 09:42:25,975:abl.webconnector.auto_updates:No update found; terminating
INFO:2021-06-21 09:42:26,237:abl.webconnector.main:End
INFO:2021-06-21 10:56:53,120:abl.webconnector.main:Start
INFO:2021-06-21 10:56:53,124:abl.webconnector.main:Cleanup event logs.
INFO:2021-06-21 10:56:58,130:abl.webconnector.main:Upload info.
INFO:2021-06-21 10:56:58,154:abl.webconnector.auto_updates:Checking for auto updates from 11.0.2
INFO:2021-06-21 10:56:58,982:abl.webconnector.auto_updates:No update found; terminating
INFO:2021-06-21 10:56:59,155:abl.webconnector.main:End
INFO:2021-06-21 13:02:54,474:abl.webconnector.main:Start
INFO:2021-06-21 13:02:54,482:abl.webconnector.main:Cleanup event logs.
INFO:2021-06-21 13:02:59,488:abl.webconnector.main:Upload info.
INFO:2021-06-21 13:02:59,510:abl.webconnector.auto_updates:Checking for auto updates from 11.0.2
INFO:2021-06-21 13:03:00,254:abl.webconnector.auto_updates:No update found; terminating
INFO:2021-06-21 13:03:00,515:abl.webconnector.main:End
INFO:2021-06-21 13:10:08,989:abl.webconnector.main:Start
INFO:2021-06-21 13:10:08,992:abl.webconnector.main:Cleanup event logs.
INFO:2021-06-21 13:10:13,994:abl.webconnector.main:Upload info.
INFO:2021-06-21 13:10:14,019:abl.webconnector.auto_updates:Checking for auto updates from 11.0.2
INFO:2021-06-21 13:10:14,748:abl.webconnector.auto_updates:No update found; terminating
INFO:2021-06-21 13:10:15,020:abl.webconnector.main:End
INFO:2021-06-21 17:24:49,055:abl.webconnector.main:Start
INFO:2021-06-21 17:24:49,083:abl.webconnector.main:Cleanup event logs.
INFO:2021-06-21 17:24:54,089:abl.webconnector.main:Upload info.
INFO:2021-06-21 17:24:54,112:abl.webconnector.auto_updates:Checking for auto updates from 11.0.2
INFO:2021-06-21 17:24:54,936:abl.webconnector.auto_updates:No update found; terminating
INFO:2021-06-21 17:24:55,117:abl.webconnector.main:End
INFO:2021-06-21 18:43:56,432:abl.webconnector.main:Start
INFO:2021-06-21 18:43:56,443:abl.webconnector.main:Cleanup event logs.
INFO:2021-06-21 18:44:01,448:abl.webconnector.main:Upload info.
INFO:2021-06-21 18:44:01,474:abl.webconnector.auto_updates:Checking for auto updates from 11.0.2
INFO:2021-06-21 18:44:02,324:abl.webconnector.auto_updates:No update found; terminating
INFO:2021-06-21 18:44:02,474:abl.webconnector.main:End
INFO:2021-06-23 14:14:46,472:abl.webconnector.main:Start
INFO:2021-06-23 14:14:46,482:abl.webconnector.main:Cleanup event logs.
INFO:2021-06-23 14:14:51,490:abl.webconnector.main:Upload info.
INFO:2021-06-23 14:14:51,516:abl.webconnector.auto_updates:Checking for auto updates from 11.0.2
INFO:2021-06-23 14:14:52,304:abl.webconnector.auto_updates:No update found; terminating
INFO:2021-06-23 14:14:52,521:abl.webconnector.main:End
INFO:2021-06-25 10:14:36,603:abl.webconnector.main:Start
INFO:2021-06-25 10:14:36,611:abl.webconnector.main:Cleanup event logs.
INFO:2021-06-25 10:14:41,616:abl.webconnector.main:Upload info.
INFO:2021-06-25 10:14:41,642:abl.webconnector.auto_updates:Checking for auto updates from 11.0.2
INFO:2021-06-25 10:14:42,391:abl.webconnector.auto_updates:No update found; terminating
INFO:2021-06-25 10:14:42,647:abl.webconnector.main:End
INFO:2021-06-26 09:27:04,078:abl.webconnector.main:Start
INFO:2021-06-26 09:27:04,086:abl.webconnector.main:Cleanup event logs.
INFO:2021-06-26 09:27:09,092:abl.webconnector.main:Upload info.
INFO:2021-06-26 09:27:09,118:abl.webconnector.auto_updates:Checking for auto updates from 11.0.2
INFO:2021-06-26 09:27:09,852:abl.webconnector.auto_updates:No update found; terminating
INFO:2021-06-26 09:27:10,119:abl.webconnector.main:End
INFO:2021-06-26 09:36:07,237:abl.webconnector.main:Start
INFO:2021-06-26 09:36:07,246:abl.webconnector.main:Cleanup event logs.
INFO:2021-06-26 09:36:12,251:abl.webconnector.main:Upload info.
INFO:2021-06-26 09:36:12,277:abl.webconnector.auto_updates:Checking for auto updates from 11.0.2
INFO:2021-06-26 09:36:13,037:abl.webconnector.auto_updates:No update found; terminating
INFO:2021-06-26 09:36:13,282:abl.webconnector.main:End
INFO:2021-06-26 09:38:15,398:abl.webconnector.main:Start
INFO:2021-06-26 09:38:15,400:abl.webconnector.main:Cleanup event logs.
INFO:2021-06-26 09:38:20,406:abl.webconnector.main:Upload info.
INFO:2021-06-26 09:38:20,436:abl.webconnector.auto_updates:Checking for auto updates from 11.0.2
INFO:2021-06-26 09:38:21,184:abl.webconnector.auto_updates:No update found; terminating
INFO:2021-06-26 09:38:21,436:abl.webconnector.main:End
INFO:2021-06-26 10:02:11,269:abl.webconnector.main:Start
INFO:2021-06-26 10:02:11,277:abl.webconnector.main:Cleanup event logs.
INFO:2021-06-26 10:02:16,282:abl.webconnector.main:Upload info.
INFO:2021-06-26 10:02:16,311:abl.webconnector.auto_updates:Checking for auto updates from 11.0.2
INFO:2021-06-26 10:02:17,044:abl.webconnector.auto_updates:No update found; terminating
INFO:2021-06-26 10:02:17,316:abl.webconnector.main:End
INFO:2021-06-26 10:10:56,593:abl.webconnector.main:Start
INFO:2021-06-26 10:10:56,602:abl.webconnector.main:Cleanup event logs.
INFO:2021-06-26 10:11:01,604:abl.webconnector.main:Upload info.
INFO:2021-06-26 10:11:01,637:abl.webconnector.auto_updates:Checking for auto updates from 11.0.2
INFO:2021-06-26 10:11:02,386:abl.webconnector.auto_updates:No update found; terminating
INFO:2021-06-26 10:11:02,642:abl.webconnector.main:End
INFO:2021-06-26 13:50:13,125:abl.webconnector.main:Start
INFO:2021-06-26 13:50:13,165:abl.webconnector.main:Cleanup event logs.
INFO:2021-06-26 13:50:18,170:abl.webconnector.main:Upload info.
INFO:2021-06-26 13:50:18,201:abl.webconnector.auto_updates:Checking for auto updates from 11.0.2
INFO:2021-06-26 13:50:18,931:abl.webconnector.auto_updates:No update found; terminating
INFO:2021-06-26 13:50:19,208:abl.webconnector.main:End
INFO:2021-06-26 22:55:44,224:abl.webconnector.main:Start
INFO:2021-06-26 22:55:44,247:abl.webconnector.main:Cleanup event logs.
INFO:2021-06-26 22:55:49,258:abl.webconnector.main:Upload info.
INFO:2021-06-26 22:55:49,406:abl.webconnector.auto_updates:Checking for auto updates from 11.0.2
INFO:2021-06-26 22:55:50,189:abl.webconnector.auto_updates:No update found; terminating
INFO:2021-06-26 22:55:50,411:abl.webconnector.main:End
INFO:2021-06-28 21:05:17,575:abl.webconnector.main:Start
INFO:2021-06-28 21:05:17,584:abl.webconnector.main:Cleanup event logs.
INFO:2021-06-28 21:05:22,585:abl.webconnector.main:Upload info.
INFO:2021-06-28 21:05:22,623:abl.webconnector.auto_updates:Checking for auto updates from 11.0.2
INFO:2021-06-28 21:05:23,345:abl.webconnector.auto_updates:No update found; terminating
INFO:2021-06-28 21:05:23,626:abl.webconnector.main:End
INFO:2021-07-05 13:13:15,768:abl.webconnector.main:Start
INFO:2021-07-05 13:13:15,777:abl.webconnector.main:Cleanup event logs.
INFO:2021-07-05 13:13:20,780:abl.webconnector.main:Upload info.
INFO:2021-07-05 13:13:20,816:abl.webconnector.auto_updates:Checking for auto updates from 11.0.2
INFO:2021-07-05 13:13:21,548:abl.webconnector.auto_updates:No update found; terminating
INFO:2021-07-05 13:13:21,821:abl.webconnector.main:End
INFO:2021-07-07 14:03:37,929:abl.webconnector.main:Start
INFO:2021-07-07 14:03:37,935:abl.webconnector.main:Cleanup event logs.
INFO:2021-07-07 14:03:42,939:abl.webconnector.main:Upload info.
INFO:2021-07-07 14:03:42,990:abl.webconnector.auto_updates:Checking for auto updates from 11.0.2
INFO:2021-07-07 14:03:44,169:abl.webconnector.auto_updates:No update found; terminating
INFO:2021-07-07 14:03:44,999:abl.webconnector.main:End
INFO:2021-07-09 11:33:33,041:abl.webconnector.main:Start
INFO:2021-07-09 11:33:33,049:abl.webconnector.main:Cleanup event logs.
INFO:2021-07-09 11:33:38,055:abl.webconnector.main:Upload info.
INFO:2021-07-09 11:33:38,090:abl.webconnector.auto_updates:Checking for auto updates from 11.0.2
INFO:2021-07-09 11:33:38,911:abl.webconnector.auto_updates:No update found; terminating
INFO:2021-07-09 11:33:39,095:abl.webconnector.main:End
INFO:2021-07-10 09:25:12,860:abl.webconnector.main:Start
INFO:2021-07-10 09:25:12,863:abl.webconnector.main:Cleanup event logs.
INFO:2021-07-10 09:25:17,864:abl.webconnector.main:Upload info.
INFO:2021-07-10 09:25:17,904:abl.webconnector.auto_updates:Checking for auto updates from 11.0.2
INFO:2021-07-10 09:25:18,651:abl.webconnector.auto_updates:No update found; terminating
INFO:2021-07-10 09:25:18,905:abl.webconnector.main:End
INFO:2021-07-14 14:08:51,008:abl.webconnector.main:Start
INFO:2021-07-14 14:08:51,021:abl.webconnector.main:Cleanup event logs.
INFO:2021-07-14 14:08:56,031:abl.webconnector.main:Upload info.
INFO:2021-07-14 14:08:56,105:abl.webconnector.auto_updates:Checking for auto updates from 11.0.2
INFO:2021-07-14 14:08:56,930:abl.webconnector.auto_updates:Found update to 11.0.5
INFO:2021-07-14 14:08:56,930:abl.webconnector.auto_updates:Update confirmed. Starting download...
INFO:2021-07-14 14:08:56,931:abl.webconnector.tasks:Retrieving delta ableton_live_suite_11.0.5_from_11.0.2_osx_64.asu
INFO:2021-07-14 14:09:32,967:abl.webconnector.tasks:Delta retrieved, elapsed time: 36036ms
INFO:2021-07-14 14:09:32,973:abl.webconnector.tasks:Preparing auto-update tasks
INFO:2021-07-14 14:09:32,978:abl.webconnector.connector:Copy installation
INFO:2021-07-14 14:10:39,478:abl.webconnector.main:Check for Updates interrupted by early Live termination
INFO:2021-07-14 14:10:39,481:abl.webconnector.main:End
INFO:2021-07-14 14:13:11,011:abl.webconnector.main:Start
INFO:2021-07-14 14:13:11,019:abl.webconnector.main:Cleanup event logs.
INFO:2021-07-14 14:13:16,022:abl.webconnector.main:Upload info.
INFO:2021-07-14 14:13:16,069:abl.webconnector.auto_updates:Checking for auto updates from 11.0.2
INFO:2021-07-14 14:13:16,876:abl.webconnector.auto_updates:Found update to 11.0.5
INFO:2021-07-14 14:13:16,876:abl.webconnector.auto_updates:Update confirmed. Starting download...
INFO:2021-07-14 14:13:19,707:abl.webconnector.tasks:Preparing auto-update tasks
INFO:2021-07-14 14:13:19,707:abl.webconnector.connector:Copy installation
INFO:2021-07-14 14:14:03,470:abl.webconnector.connector:Copy installation completed (43760 ms)
INFO:2021-07-14 14:14:03,470:abl.webconnector.connector:Update cloned installation
INFO:2021-07-14 14:14:20,573:abl.webconnector.connector:Update cloned installation completed (17102 ms)
INFO:2021-07-14 14:14:21,409:abl.webconnector.main:Notifying Live that the update is ready to apply
INFO:2021-07-14 14:14:21,413:abl.webconnector.main:Waiting for Live to terminate
INFO:2021-07-14 15:21:04,833:abl.webconnector.connector:Cleaning up /Users/maxcampbell/Library/Application Support/Ableton/Live 11.0.2/_autoupdates
INFO:2021-07-14 15:21:06,035:abl.webconnector.connector:Invoking swapper to apply update
INFO:2021-07-14 15:21:06,155:abl.webconnector.connector:Swapper invoked with pid: 5713
INFO:2021-07-14 15:21:06,156:abl.webconnector.main:End
