2021-06-22 09:39:09 [main] [INFO][0m Installation of launcher v. 2021.1 started
2021-06-22 09:39:09 [main] [INFO][0m Getting launcher specific paths
2021-06-22 09:39:09 [main] [INFO][0m Getting assets
2021-06-22 09:39:09 [main] [INFO][0m Looking for existing launcher
2021-06-22 09:39:09 [main] [INFO][0m Installing launcher
2021-06-22 09:39:09 [main] [INFO][0m Directory created: /Users/maxcampbell/Library/Application Support/Paradox Interactive/launcher-v2.2021.1/Paradox Launcher.app 
2021-06-22 09:39:09 [main] [INFO][0m Directory created: /Users/maxcampbell/Library/Application Support/Paradox Interactive/launcher-v2.2021.1/Paradox Launcher.app/Contents 
2021-06-22 09:39:09 [main] [INFO][0m File created: /Users/maxcampbell/Library/Application Support/Paradox Interactive/launcher-v2.2021.1/Paradox Launcher.app/Contents/CodeResources
2021-06-22 09:39:09 [main] [INFO][0m Directory created: /Users/maxcampbell/Library/Application Support/Paradox Interactive/launcher-v2.2021.1/Paradox Launcher.app/Contents/_CodeSignature 
2021-06-22 09:39:09 [main] [INFO][0m File created: /Users/maxcampbell/Library/Application Support/Paradox Interactive/launcher-v2.2021.1/Paradox Launcher.app/Contents/_CodeSignature/CodeResources
2021-06-22 09:39:09 [main] [INFO][0m Directory created: /Users/maxcampbell/Library/Application Support/Paradox Interactive/launcher-v2.2021.1/Paradox Launcher.app/Contents/MacOS 
2021-06-22 09:39:10 [main] [INFO][0m File created: /Users/maxcampbell/Library/Application Support/Paradox Interactive/launcher-v2.2021.1/Paradox Launcher.app/Contents/MacOS/cpatch
2021-06-22 09:39:10 [main] [INFO][0m File created: /Users/maxcampbell/Library/Application Support/Paradox Interactive/launcher-v2.2021.1/Paradox Launcher.app/Contents/MacOS/xdelta3
2021-06-22 09:39:10 [main] [INFO][0m File created: /Users/maxcampbell/Library/Application Support/Paradox Interactive/launcher-v2.2021.1/Paradox Launcher.app/Contents/MacOS/Paradox Launcher
2021-06-22 09:39:10 [main] [INFO][0m Directory created: /Users/maxcampbell/Library/Application Support/Paradox Interactive/launcher-v2.2021.1/Paradox Launcher.app/Contents/Resources 
2021-06-22 09:39:10 [main] [INFO][0m Directory created: /Users/maxcampbell/Library/Application Support/Paradox Interactive/launcher-v2.2021.1/Paradox Launcher.app/Contents/Resources/de.lproj 
2021-06-22 09:39:10 [main] [INFO][0m Directory created: /Users/maxcampbell/Library/Application Support/Paradox Interactive/launcher-v2.2021.1/Paradox Launcher.app/Contents/Resources/he.lproj 
2021-06-22 09:39:10 [main] [INFO][0m Directory created: /Users/maxcampbell/Library/Application Support/Paradox Interactive/launcher-v2.2021.1/Paradox Launcher.app/Contents/Resources/ar.lproj 
2021-06-22 09:39:10 [main] [INFO][0m Directory created: /Users/maxcampbell/Library/Application Support/Paradox Interactive/launcher-v2.2021.1/Paradox Launcher.app/Contents/Resources/el.lproj 
2021-06-22 09:39:10 [main] [INFO][0m Directory created: /Users/maxcampbell/Library/Application Support/Paradox Interactive/launcher-v2.2021.1/Paradox Launcher.app/Contents/Resources/ja.lproj 
2021-06-22 09:39:10 [main] [INFO][0m Directory created: /Users/maxcampbell/Library/Application Support/Paradox Interactive/launcher-v2.2021.1/Paradox Launcher.app/Contents/Resources/fa.lproj 
2021-06-22 09:39:10 [main] [INFO][0m Directory created: /Users/maxcampbell/Library/Application Support/Paradox Interactive/launcher-v2.2021.1/Paradox Launcher.app/Contents/Resources/mr.lproj 
2021-06-22 09:39:10 [main] [INFO][0m Directory created: /Users/maxcampbell/Library/Application Support/Paradox Interactive/launcher-v2.2021.1/Paradox Launcher.app/Contents/Resources/en.lproj 
2021-06-22 09:39:10 [main] [INFO][0m Directory created: /Users/maxcampbell/Library/Application Support/Paradox Interactive/launcher-v2.2021.1/Paradox Launcher.app/Contents/Resources/uk.lproj 
2021-06-22 09:39:10 [main] [INFO][0m Directory created: /Users/maxcampbell/Library/Application Support/Paradox Interactive/launcher-v2.2021.1/Paradox Launcher.app/Contents/Resources/es_419.lproj 
2021-06-22 09:39:10 [main] [INFO][0m Directory created: /Users/maxcampbell/Library/Application Support/Paradox Interactive/launcher-v2.2021.1/Paradox Launcher.app/Contents/Resources/gu.lproj 
2021-06-22 09:39:10 [main] [INFO][0m Directory created: /Users/maxcampbell/Library/Application Support/Paradox Interactive/launcher-v2.2021.1/Paradox Launcher.app/Contents/Resources/zh_CN.lproj 
2021-06-22 09:39:10 [main] [INFO][0m Directory created: /Users/maxcampbell/Library/Application Support/Paradox Interactive/launcher-v2.2021.1/Paradox Launcher.app/Contents/Resources/kn.lproj 
2021-06-22 09:39:10 [main] [INFO][0m Directory created: /Users/maxcampbell/Library/Application Support/Paradox Interactive/launcher-v2.2021.1/Paradox Launcher.app/Contents/Resources/nb.lproj 
2021-06-22 09:39:10 [main] [INFO][0m File created: /Users/maxcampbell/Library/Application Support/Paradox Interactive/launcher-v2.2021.1/Paradox Launcher.app/Contents/Resources/app.asar
2021-06-22 09:39:10 [main] [INFO][0m Directory created: /Users/maxcampbell/Library/Application Support/Paradox Interactive/launcher-v2.2021.1/Paradox Launcher.app/Contents/Resources/am.lproj 
2021-06-22 09:39:10 [main] [INFO][0m Directory created: /Users/maxcampbell/Library/Application Support/Paradox Interactive/launcher-v2.2021.1/Paradox Launcher.app/Contents/Resources/es.lproj 
2021-06-22 09:39:10 [main] [INFO][0m Directory created: /Users/maxcampbell/Library/Application Support/Paradox Interactive/launcher-v2.2021.1/Paradox Launcher.app/Contents/Resources/sw.lproj 
2021-06-22 09:39:10 [main] [INFO][0m Directory created: /Users/maxcampbell/Library/Application Support/Paradox Interactive/launcher-v2.2021.1/Paradox Launcher.app/Contents/Resources/sl.lproj 
2021-06-22 09:39:10 [main] [INFO][0m Directory created: /Users/maxcampbell/Library/Application Support/Paradox Interactive/launcher-v2.2021.1/Paradox Launcher.app/Contents/Resources/pt_BR.lproj 
2021-06-22 09:39:10 [main] [INFO][0m Directory created: /Users/maxcampbell/Library/Application Support/Paradox Interactive/launcher-v2.2021.1/Paradox Launcher.app/Contents/Resources/da.lproj 
2021-06-22 09:39:10 [main] [INFO][0m Directory created: /Users/maxcampbell/Library/Application Support/Paradox Interactive/launcher-v2.2021.1/Paradox Launcher.app/Contents/Resources/et.lproj 
2021-06-22 09:39:10 [main] [INFO][0m Directory created: /Users/maxcampbell/Library/Application Support/Paradox Interactive/launcher-v2.2021.1/Paradox Launcher.app/Contents/Resources/it.lproj 
2021-06-22 09:39:10 [main] [INFO][0m Directory created: /Users/maxcampbell/Library/Application Support/Paradox Interactive/launcher-v2.2021.1/Paradox Launcher.app/Contents/Resources/bg.lproj 
2021-06-22 09:39:10 [main] [INFO][0m Directory created: /Users/maxcampbell/Library/Application Support/Paradox Interactive/launcher-v2.2021.1/Paradox Launcher.app/Contents/Resources/sk.lproj 
2021-06-22 09:39:10 [main] [INFO][0m Directory created: /Users/maxcampbell/Library/Application Support/Paradox Interactive/launcher-v2.2021.1/Paradox Launcher.app/Contents/Resources/pt_PT.lproj 
2021-06-22 09:39:10 [main] [INFO][0m Directory created: /Users/maxcampbell/Library/Application Support/Paradox Interactive/launcher-v2.2021.1/Paradox Launcher.app/Contents/Resources/sr.lproj 
2021-06-22 09:39:10 [main] [INFO][0m Directory created: /Users/maxcampbell/Library/Application Support/Paradox Interactive/launcher-v2.2021.1/Paradox Launcher.app/Contents/Resources/ms.lproj 
2021-06-22 09:39:10 [main] [INFO][0m Directory created: /Users/maxcampbell/Library/Application Support/Paradox Interactive/launcher-v2.2021.1/Paradox Launcher.app/Contents/Resources/ta.lproj 
2021-06-22 09:39:10 [main] [INFO][0m Directory created: /Users/maxcampbell/Library/Application Support/Paradox Interactive/launcher-v2.2021.1/Paradox Launcher.app/Contents/Resources/ml.lproj 
2021-06-22 09:39:10 [main] [INFO][0m Directory created: /Users/maxcampbell/Library/Application Support/Paradox Interactive/launcher-v2.2021.1/Paradox Launcher.app/Contents/Resources/sv.lproj 
2021-06-22 09:39:10 [main] [INFO][0m Directory created: /Users/maxcampbell/Library/Application Support/Paradox Interactive/launcher-v2.2021.1/Paradox Launcher.app/Contents/Resources/te.lproj 
2021-06-22 09:39:10 [main] [INFO][0m Directory created: /Users/maxcampbell/Library/Application Support/Paradox Interactive/launcher-v2.2021.1/Paradox Launcher.app/Contents/Resources/cs.lproj 
2021-06-22 09:39:10 [main] [INFO][0m Directory created: /Users/maxcampbell/Library/Application Support/Paradox Interactive/launcher-v2.2021.1/Paradox Launcher.app/Contents/Resources/ko.lproj 
2021-06-22 09:39:10 [main] [INFO][0m Directory created: /Users/maxcampbell/Library/Application Support/Paradox Interactive/launcher-v2.2021.1/Paradox Launcher.app/Contents/Resources/fil.lproj 
2021-06-22 09:39:10 [main] [INFO][0m Directory created: /Users/maxcampbell/Library/Application Support/Paradox Interactive/launcher-v2.2021.1/Paradox Launcher.app/Contents/Resources/hu.lproj 
2021-06-22 09:39:10 [main] [INFO][0m Directory created: /Users/maxcampbell/Library/Application Support/Paradox Interactive/launcher-v2.2021.1/Paradox Launcher.app/Contents/Resources/tr.lproj 
2021-06-22 09:39:10 [main] [INFO][0m Directory created: /Users/maxcampbell/Library/Application Support/Paradox Interactive/launcher-v2.2021.1/Paradox Launcher.app/Contents/Resources/pl.lproj 
2021-06-22 09:39:10 [main] [INFO][0m Directory created: /Users/maxcampbell/Library/Application Support/Paradox Interactive/launcher-v2.2021.1/Paradox Launcher.app/Contents/Resources/zh_TW.lproj 
2021-06-22 09:39:10 [main] [INFO][0m Directory created: /Users/maxcampbell/Library/Application Support/Paradox Interactive/launcher-v2.2021.1/Paradox Launcher.app/Contents/Resources/en_GB.lproj 
2021-06-22 09:39:10 [main] [INFO][0m Directory created: /Users/maxcampbell/Library/Application Support/Paradox Interactive/launcher-v2.2021.1/Paradox Launcher.app/Contents/Resources/app.asar.unpacked 
2021-06-22 09:39:10 [main] [INFO][0m Directory created: /Users/maxcampbell/Library/Application Support/Paradox Interactive/launcher-v2.2021.1/Paradox Launcher.app/Contents/Resources/app.asar.unpacked/dist 
2021-06-22 09:39:10 [main] [INFO][0m Directory created: /Users/maxcampbell/Library/Application Support/Paradox Interactive/launcher-v2.2021.1/Paradox Launcher.app/Contents/Resources/app.asar.unpacked/dist/main 
2021-06-22 09:39:10 [main] [INFO][0m File created: /Users/maxcampbell/Library/Application Support/Paradox Interactive/launcher-v2.2021.1/Paradox Launcher.app/Contents/Resources/app.asar.unpacked/dist/main/libsdkencryptedappticket.dylib
2021-06-22 09:39:10 [main] [INFO][0m File created: /Users/maxcampbell/Library/Application Support/Paradox Interactive/launcher-v2.2021.1/Paradox Launcher.app/Contents/Resources/app.asar.unpacked/dist/main/greenworks-osx64.node
2021-06-22 09:39:10 [main] [INFO][0m File created: /Users/maxcampbell/Library/Application Support/Paradox Interactive/launcher-v2.2021.1/Paradox Launcher.app/Contents/Resources/app.asar.unpacked/dist/main/libsteam_api.dylib
2021-06-22 09:39:10 [main] [INFO][0m Directory created: /Users/maxcampbell/Library/Application Support/Paradox Interactive/launcher-v2.2021.1/Paradox Launcher.app/Contents/Resources/app.asar.unpacked/node_modules 
2021-06-22 09:39:10 [main] [INFO][0m Directory created: /Users/maxcampbell/Library/Application Support/Paradox Interactive/launcher-v2.2021.1/Paradox Launcher.app/Contents/Resources/vi.lproj 
2021-06-22 09:39:10 [main] [INFO][0m Directory created: /Users/maxcampbell/Library/Application Support/Paradox Interactive/launcher-v2.2021.1/Paradox Launcher.app/Contents/Resources/lv.lproj 
2021-06-22 09:39:10 [main] [INFO][0m Directory created: /Users/maxcampbell/Library/Application Support/Paradox Interactive/launcher-v2.2021.1/Paradox Launcher.app/Contents/Resources/lt.lproj 
2021-06-22 09:39:10 [main] [INFO][0m Directory created: /Users/maxcampbell/Library/Application Support/Paradox Interactive/launcher-v2.2021.1/Paradox Launcher.app/Contents/Resources/ru.lproj 
2021-06-22 09:39:10 [main] [INFO][0m Directory created: /Users/maxcampbell/Library/Application Support/Paradox Interactive/launcher-v2.2021.1/Paradox Launcher.app/Contents/Resources/fr.lproj 
2021-06-22 09:39:10 [main] [INFO][0m Directory created: /Users/maxcampbell/Library/Application Support/Paradox Interactive/launcher-v2.2021.1/Paradox Launcher.app/Contents/Resources/fi.lproj 
2021-06-22 09:39:10 [main] [INFO][0m Directory created: /Users/maxcampbell/Library/Application Support/Paradox Interactive/launcher-v2.2021.1/Paradox Launcher.app/Contents/Resources/id.lproj 
2021-06-22 09:39:10 [main] [INFO][0m Directory created: /Users/maxcampbell/Library/Application Support/Paradox Interactive/launcher-v2.2021.1/Paradox Launcher.app/Contents/Resources/nl.lproj 
2021-06-22 09:39:10 [main] [INFO][0m Directory created: /Users/maxcampbell/Library/Application Support/Paradox Interactive/launcher-v2.2021.1/Paradox Launcher.app/Contents/Resources/th.lproj 
2021-06-22 09:39:10 [main] [INFO][0m Directory created: /Users/maxcampbell/Library/Application Support/Paradox Interactive/launcher-v2.2021.1/Paradox Launcher.app/Contents/Resources/bn.lproj 
2021-06-22 09:39:10 [main] [INFO][0m File created: /Users/maxcampbell/Library/Application Support/Paradox Interactive/launcher-v2.2021.1/Paradox Launcher.app/Contents/Resources/Paradox Launcher.icns
2021-06-22 09:39:10 [main] [INFO][0m Directory created: /Users/maxcampbell/Library/Application Support/Paradox Interactive/launcher-v2.2021.1/Paradox Launcher.app/Contents/Resources/ro.lproj 
2021-06-22 09:39:10 [main] [INFO][0m Directory created: /Users/maxcampbell/Library/Application Support/Paradox Interactive/launcher-v2.2021.1/Paradox Launcher.app/Contents/Resources/hr.lproj 
2021-06-22 09:39:10 [main] [INFO][0m Directory created: /Users/maxcampbell/Library/Application Support/Paradox Interactive/launcher-v2.2021.1/Paradox Launcher.app/Contents/Resources/hi.lproj 
2021-06-22 09:39:10 [main] [INFO][0m Directory created: /Users/maxcampbell/Library/Application Support/Paradox Interactive/launcher-v2.2021.1/Paradox Launcher.app/Contents/Resources/ca.lproj 
2021-06-22 09:39:10 [main] [INFO][0m Directory created: /Users/maxcampbell/Library/Application Support/Paradox Interactive/launcher-v2.2021.1/Paradox Launcher.app/Contents/Frameworks 
2021-06-22 09:39:10 [main] [INFO][0m Directory created: /Users/maxcampbell/Library/Application Support/Paradox Interactive/launcher-v2.2021.1/Paradox Launcher.app/Contents/Frameworks/Electron Framework.framework 
2021-06-22 09:39:10 [main] [INFO][0m Symlink created: /Users/maxcampbell/Library/Application Support/Paradox Interactive/launcher-v2.2021.1/Paradox Launcher.app/Contents/Frameworks/Electron Framework.framework/Electron Framework
2021-06-22 09:39:10 [main] [INFO][0m Symlink created: /Users/maxcampbell/Library/Application Support/Paradox Interactive/launcher-v2.2021.1/Paradox Launcher.app/Contents/Frameworks/Electron Framework.framework/Resources
2021-06-22 09:39:10 [main] [INFO][0m Directory created: /Users/maxcampbell/Library/Application Support/Paradox Interactive/launcher-v2.2021.1/Paradox Launcher.app/Contents/Frameworks/Electron Framework.framework/Versions 
2021-06-22 09:39:10 [main] [INFO][0m Directory created: /Users/maxcampbell/Library/Application Support/Paradox Interactive/launcher-v2.2021.1/Paradox Launcher.app/Contents/Frameworks/Electron Framework.framework/Versions/A 
2021-06-22 09:39:10 [main] [INFO][0m Directory created: /Users/maxcampbell/Library/Application Support/Paradox Interactive/launcher-v2.2021.1/Paradox Launcher.app/Contents/Frameworks/Electron Framework.framework/Versions/A/_CodeSignature 
2021-06-22 09:39:10 [main] [INFO][0m File created: /Users/maxcampbell/Library/Application Support/Paradox Interactive/launcher-v2.2021.1/Paradox Launcher.app/Contents/Frameworks/Electron Framework.framework/Versions/A/_CodeSignature/CodeResources
2021-06-22 09:39:11 [main] [INFO][0m File created: /Users/maxcampbell/Library/Application Support/Paradox Interactive/launcher-v2.2021.1/Paradox Launcher.app/Contents/Frameworks/Electron Framework.framework/Versions/A/Electron Framework
2021-06-22 09:39:11 [main] [INFO][0m Directory created: /Users/maxcampbell/Library/Application Support/Paradox Interactive/launcher-v2.2021.1/Paradox Launcher.app/Contents/Frameworks/Electron Framework.framework/Versions/A/Resources 
2021-06-22 09:39:11 [main] [INFO][0m Directory created: /Users/maxcampbell/Library/Application Support/Paradox Interactive/launcher-v2.2021.1/Paradox Launcher.app/Contents/Frameworks/Electron Framework.framework/Versions/A/Resources/de.lproj 
2021-06-22 09:39:11 [main] [INFO][0m File created: /Users/maxcampbell/Library/Application Support/Paradox Interactive/launcher-v2.2021.1/Paradox Launcher.app/Contents/Frameworks/Electron Framework.framework/Versions/A/Resources/de.lproj/locale.pak
2021-06-22 09:39:11 [main] [INFO][0m Directory created: /Users/maxcampbell/Library/Application Support/Paradox Interactive/launcher-v2.2021.1/Paradox Launcher.app/Contents/Frameworks/Electron Framework.framework/Versions/A/Resources/he.lproj 
2021-06-22 09:39:11 [main] [INFO][0m File created: /Users/maxcampbell/Library/Application Support/Paradox Interactive/launcher-v2.2021.1/Paradox Launcher.app/Contents/Frameworks/Electron Framework.framework/Versions/A/Resources/he.lproj/locale.pak
2021-06-22 09:39:11 [main] [INFO][0m Directory created: /Users/maxcampbell/Library/Application Support/Paradox Interactive/launcher-v2.2021.1/Paradox Launcher.app/Contents/Frameworks/Electron Framework.framework/Versions/A/Resources/ar.lproj 
2021-06-22 09:39:11 [main] [INFO][0m File created: /Users/maxcampbell/Library/Application Support/Paradox Interactive/launcher-v2.2021.1/Paradox Launcher.app/Contents/Frameworks/Electron Framework.framework/Versions/A/Resources/ar.lproj/locale.pak
2021-06-22 09:39:11 [main] [INFO][0m Directory created: /Users/maxcampbell/Library/Application Support/Paradox Interactive/launcher-v2.2021.1/Paradox Launcher.app/Contents/Frameworks/Electron Framework.framework/Versions/A/Resources/el.lproj 
2021-06-22 09:39:11 [main] [INFO][0m File created: /Users/maxcampbell/Library/Application Support/Paradox Interactive/launcher-v2.2021.1/Paradox Launcher.app/Contents/Frameworks/Electron Framework.framework/Versions/A/Resources/el.lproj/locale.pak
2021-06-22 09:39:11 [main] [INFO][0m Directory created: /Users/maxcampbell/Library/Application Support/Paradox Interactive/launcher-v2.2021.1/Paradox Launcher.app/Contents/Frameworks/Electron Framework.framework/Versions/A/Resources/ja.lproj 
2021-06-22 09:39:11 [main] [INFO][0m File created: /Users/maxcampbell/Library/Application Support/Paradox Interactive/launcher-v2.2021.1/Paradox Launcher.app/Contents/Frameworks/Electron Framework.framework/Versions/A/Resources/ja.lproj/locale.pak
2021-06-22 09:39:11 [main] [INFO][0m Directory created: /Users/maxcampbell/Library/Application Support/Paradox Interactive/launcher-v2.2021.1/Paradox Launcher.app/Contents/Frameworks/Electron Framework.framework/Versions/A/Resources/fa.lproj 
2021-06-22 09:39:11 [main] [INFO][0m File created: /Users/maxcampbell/Library/Application Support/Paradox Interactive/launcher-v2.2021.1/Paradox Launcher.app/Contents/Frameworks/Electron Framework.framework/Versions/A/Resources/fa.lproj/locale.pak
2021-06-22 09:39:11 [main] [INFO][0m Directory created: /Users/maxcampbell/Library/Application Support/Paradox Interactive/launcher-v2.2021.1/Paradox Launcher.app/Contents/Frameworks/Electron Framework.framework/Versions/A/Resources/mr.lproj 
2021-06-22 09:39:11 [main] [INFO][0m File created: /Users/maxcampbell/Library/Application Support/Paradox Interactive/launcher-v2.2021.1/Paradox Launcher.app/Contents/Frameworks/Electron Framework.framework/Versions/A/Resources/mr.lproj/locale.pak
2021-06-22 09:39:11 [main] [INFO][0m Directory created: /Users/maxcampbell/Library/Application Support/Paradox Interactive/launcher-v2.2021.1/Paradox Launcher.app/Contents/Frameworks/Electron Framework.framework/Versions/A/Resources/en.lproj 
2021-06-22 09:39:11 [main] [INFO][0m File created: /Users/maxcampbell/Library/Application Support/Paradox Interactive/launcher-v2.2021.1/Paradox Launcher.app/Contents/Frameworks/Electron Framework.framework/Versions/A/Resources/en.lproj/locale.pak
2021-06-22 09:39:11 [main] [INFO][0m File created: /Users/maxcampbell/Library/Application Support/Paradox Interactive/launcher-v2.2021.1/Paradox Launcher.app/Contents/Frameworks/Electron Framework.framework/Versions/A/Resources/chrome_200_percent.pak
2021-06-22 09:39:11 [main] [INFO][0m Directory created: /Users/maxcampbell/Library/Application Support/Paradox Interactive/launcher-v2.2021.1/Paradox Launcher.app/Contents/Frameworks/Electron Framework.framework/Versions/A/Resources/uk.lproj 
2021-06-22 09:39:11 [main] [INFO][0m File created: /Users/maxcampbell/Library/Application Support/Paradox Interactive/launcher-v2.2021.1/Paradox Launcher.app/Contents/Frameworks/Electron Framework.framework/Versions/A/Resources/uk.lproj/locale.pak
2021-06-22 09:39:11 [main] [INFO][0m Directory created: /Users/maxcampbell/Library/Application Support/Paradox Interactive/launcher-v2.2021.1/Paradox Launcher.app/Contents/Frameworks/Electron Framework.framework/Versions/A/Resources/es_419.lproj 
2021-06-22 09:39:11 [main] [INFO][0m File created: /Users/maxcampbell/Library/Application Support/Paradox Interactive/launcher-v2.2021.1/Paradox Launcher.app/Contents/Frameworks/Electron Framework.framework/Versions/A/Resources/es_419.lproj/locale.pak
2021-06-22 09:39:11 [main] [INFO][0m Directory created: /Users/maxcampbell/Library/Application Support/Paradox Interactive/launcher-v2.2021.1/Paradox Launcher.app/Contents/Frameworks/Electron Framework.framework/Versions/A/Resources/gu.lproj 
2021-06-22 09:39:11 [main] [INFO][0m File created: /Users/maxcampbell/Library/Application Support/Paradox Interactive/launcher-v2.2021.1/Paradox Launcher.app/Contents/Frameworks/Electron Framework.framework/Versions/A/Resources/gu.lproj/locale.pak
2021-06-22 09:39:11 [main] [INFO][0m Directory created: /Users/maxcampbell/Library/Application Support/Paradox Interactive/launcher-v2.2021.1/Paradox Launcher.app/Contents/Frameworks/Electron Framework.framework/Versions/A/Resources/zh_CN.lproj 
2021-06-22 09:39:11 [main] [INFO][0m File created: /Users/maxcampbell/Library/Application Support/Paradox Interactive/launcher-v2.2021.1/Paradox Launcher.app/Contents/Frameworks/Electron Framework.framework/Versions/A/Resources/zh_CN.lproj/locale.pak
2021-06-22 09:39:11 [main] [INFO][0m Directory created: /Users/maxcampbell/Library/Application Support/Paradox Interactive/launcher-v2.2021.1/Paradox Launcher.app/Contents/Frameworks/Electron Framework.framework/Versions/A/Resources/kn.lproj 
2021-06-22 09:39:11 [main] [INFO][0m File created: /Users/maxcampbell/Library/Application Support/Paradox Interactive/launcher-v2.2021.1/Paradox Launcher.app/Contents/Frameworks/Electron Framework.framework/Versions/A/Resources/kn.lproj/locale.pak
2021-06-22 09:39:11 [main] [INFO][0m Directory created: /Users/maxcampbell/Library/Application Support/Paradox Interactive/launcher-v2.2021.1/Paradox Launcher.app/Contents/Frameworks/Electron Framework.framework/Versions/A/Resources/nb.lproj 
2021-06-22 09:39:11 [main] [INFO][0m File created: /Users/maxcampbell/Library/Application Support/Paradox Interactive/launcher-v2.2021.1/Paradox Launcher.app/Contents/Frameworks/Electron Framework.framework/Versions/A/Resources/nb.lproj/locale.pak
2021-06-22 09:39:11 [main] [INFO][0m File created: /Users/maxcampbell/Library/Application Support/Paradox Interactive/launcher-v2.2021.1/Paradox Launcher.app/Contents/Frameworks/Electron Framework.framework/Versions/A/Resources/chrome_100_percent.pak
2021-06-22 09:39:11 [main] [INFO][0m Directory created: /Users/maxcampbell/Library/Application Support/Paradox Interactive/launcher-v2.2021.1/Paradox Launcher.app/Contents/Frameworks/Electron Framework.framework/Versions/A/Resources/am.lproj 
2021-06-22 09:39:11 [main] [INFO][0m File created: /Users/maxcampbell/Library/Application Support/Paradox Interactive/launcher-v2.2021.1/Paradox Launcher.app/Contents/Frameworks/Electron Framework.framework/Versions/A/Resources/am.lproj/locale.pak
2021-06-22 09:39:11 [main] [INFO][0m Directory created: /Users/maxcampbell/Library/Application Support/Paradox Interactive/launcher-v2.2021.1/Paradox Launcher.app/Contents/Frameworks/Electron Framework.framework/Versions/A/Resources/es.lproj 
2021-06-22 09:39:11 [main] [INFO][0m File created: /Users/maxcampbell/Library/Application Support/Paradox Interactive/launcher-v2.2021.1/Paradox Launcher.app/Contents/Frameworks/Electron Framework.framework/Versions/A/Resources/es.lproj/locale.pak
2021-06-22 09:39:11 [main] [INFO][0m Directory created: /Users/maxcampbell/Library/Application Support/Paradox Interactive/launcher-v2.2021.1/Paradox Launcher.app/Contents/Frameworks/Electron Framework.framework/Versions/A/Resources/sw.lproj 
2021-06-22 09:39:11 [main] [INFO][0m File created: /Users/maxcampbell/Library/Application Support/Paradox Interactive/launcher-v2.2021.1/Paradox Launcher.app/Contents/Frameworks/Electron Framework.framework/Versions/A/Resources/sw.lproj/locale.pak
2021-06-22 09:39:11 [main] [INFO][0m Directory created: /Users/maxcampbell/Library/Application Support/Paradox Interactive/launcher-v2.2021.1/Paradox Launcher.app/Contents/Frameworks/Electron Framework.framework/Versions/A/Resources/sl.lproj 
2021-06-22 09:39:11 [main] [INFO][0m File created: /Users/maxcampbell/Library/Application Support/Paradox Interactive/launcher-v2.2021.1/Paradox Launcher.app/Contents/Frameworks/Electron Framework.framework/Versions/A/Resources/sl.lproj/locale.pak
2021-06-22 09:39:11 [main] [INFO][0m Directory created: /Users/maxcampbell/Library/Application Support/Paradox Interactive/launcher-v2.2021.1/Paradox Launcher.app/Contents/Frameworks/Electron Framework.framework/Versions/A/Resources/pt_BR.lproj 
2021-06-22 09:39:11 [main] [INFO][0m File created: /Users/maxcampbell/Library/Application Support/Paradox Interactive/launcher-v2.2021.1/Paradox Launcher.app/Contents/Frameworks/Electron Framework.framework/Versions/A/Resources/pt_BR.lproj/locale.pak
2021-06-22 09:39:11 [main] [INFO][0m Directory created: /Users/maxcampbell/Library/Application Support/Paradox Interactive/launcher-v2.2021.1/Paradox Launcher.app/Contents/Frameworks/Electron Framework.framework/Versions/A/Resources/da.lproj 
2021-06-22 09:39:11 [main] [INFO][0m File created: /Users/maxcampbell/Library/Application Support/Paradox Interactive/launcher-v2.2021.1/Paradox Launcher.app/Contents/Frameworks/Electron Framework.framework/Versions/A/Resources/da.lproj/locale.pak
2021-06-22 09:39:11 [main] [INFO][0m Directory created: /Users/maxcampbell/Library/Application Support/Paradox Interactive/launcher-v2.2021.1/Paradox Launcher.app/Contents/Frameworks/Electron Framework.framework/Versions/A/Resources/et.lproj 
2021-06-22 09:39:11 [main] [INFO][0m File created: /Users/maxcampbell/Library/Application Support/Paradox Interactive/launcher-v2.2021.1/Paradox Launcher.app/Contents/Frameworks/Electron Framework.framework/Versions/A/Resources/et.lproj/locale.pak
2021-06-22 09:39:11 [main] [INFO][0m Directory created: /Users/maxcampbell/Library/Application Support/Paradox Interactive/launcher-v2.2021.1/Paradox Launcher.app/Contents/Frameworks/Electron Framework.framework/Versions/A/Resources/it.lproj 
2021-06-22 09:39:11 [main] [INFO][0m File created: /Users/maxcampbell/Library/Application Support/Paradox Interactive/launcher-v2.2021.1/Paradox Launcher.app/Contents/Frameworks/Electron Framework.framework/Versions/A/Resources/it.lproj/locale.pak
2021-06-22 09:39:11 [main] [INFO][0m Directory created: /Users/maxcampbell/Library/Application Support/Paradox Interactive/launcher-v2.2021.1/Paradox Launcher.app/Contents/Frameworks/Electron Framework.framework/Versions/A/Resources/bg.lproj 
2021-06-22 09:39:11 [main] [INFO][0m File created: /Users/maxcampbell/Library/Application Support/Paradox Interactive/launcher-v2.2021.1/Paradox Launcher.app/Contents/Frameworks/Electron Framework.framework/Versions/A/Resources/bg.lproj/locale.pak
2021-06-22 09:39:11 [main] [INFO][0m Directory created: /Users/maxcampbell/Library/Application Support/Paradox Interactive/launcher-v2.2021.1/Paradox Launcher.app/Contents/Frameworks/Electron Framework.framework/Versions/A/Resources/sk.lproj 
2021-06-22 09:39:11 [main] [INFO][0m File created: /Users/maxcampbell/Library/Application Support/Paradox Interactive/launcher-v2.2021.1/Paradox Launcher.app/Contents/Frameworks/Electron Framework.framework/Versions/A/Resources/sk.lproj/locale.pak
2021-06-22 09:39:11 [main] [INFO][0m Directory created: /Users/maxcampbell/Library/Application Support/Paradox Interactive/launcher-v2.2021.1/Paradox Launcher.app/Contents/Frameworks/Electron Framework.framework/Versions/A/Resources/pt_PT.lproj 
2021-06-22 09:39:11 [main] [INFO][0m File created: /Users/maxcampbell/Library/Application Support/Paradox Interactive/launcher-v2.2021.1/Paradox Launcher.app/Contents/Frameworks/Electron Framework.framework/Versions/A/Resources/pt_PT.lproj/locale.pak
2021-06-22 09:39:11 [main] [INFO][0m File created: /Users/maxcampbell/Library/Application Support/Paradox Interactive/launcher-v2.2021.1/Paradox Launcher.app/Contents/Frameworks/Electron Framework.framework/Versions/A/Resources/icudtl.dat
2021-06-22 09:39:11 [main] [INFO][0m Directory created: /Users/maxcampbell/Library/Application Support/Paradox Interactive/launcher-v2.2021.1/Paradox Launcher.app/Contents/Frameworks/Electron Framework.framework/Versions/A/Resources/sr.lproj 
2021-06-22 09:39:11 [main] [INFO][0m File created: /Users/maxcampbell/Library/Application Support/Paradox Interactive/launcher-v2.2021.1/Paradox Launcher.app/Contents/Frameworks/Electron Framework.framework/Versions/A/Resources/sr.lproj/locale.pak
2021-06-22 09:39:11 [main] [INFO][0m Directory created: /Users/maxcampbell/Library/Application Support/Paradox Interactive/launcher-v2.2021.1/Paradox Launcher.app/Contents/Frameworks/Electron Framework.framework/Versions/A/Resources/ms.lproj 
2021-06-22 09:39:11 [main] [INFO][0m File created: /Users/maxcampbell/Library/Application Support/Paradox Interactive/launcher-v2.2021.1/Paradox Launcher.app/Contents/Frameworks/Electron Framework.framework/Versions/A/Resources/ms.lproj/locale.pak
2021-06-22 09:39:11 [main] [INFO][0m Directory created: /Users/maxcampbell/Library/Application Support/Paradox Interactive/launcher-v2.2021.1/Paradox Launcher.app/Contents/Frameworks/Electron Framework.framework/Versions/A/Resources/ta.lproj 
2021-06-22 09:39:11 [main] [INFO][0m File created: /Users/maxcampbell/Library/Application Support/Paradox Interactive/launcher-v2.2021.1/Paradox Launcher.app/Contents/Frameworks/Electron Framework.framework/Versions/A/Resources/ta.lproj/locale.pak
2021-06-22 09:39:11 [main] [INFO][0m Directory created: /Users/maxcampbell/Library/Application Support/Paradox Interactive/launcher-v2.2021.1/Paradox Launcher.app/Contents/Frameworks/Electron Framework.framework/Versions/A/Resources/ml.lproj 
2021-06-22 09:39:11 [main] [INFO][0m File created: /Users/maxcampbell/Library/Application Support/Paradox Interactive/launcher-v2.2021.1/Paradox Launcher.app/Contents/Frameworks/Electron Framework.framework/Versions/A/Resources/ml.lproj/locale.pak
2021-06-22 09:39:11 [main] [INFO][0m Directory created: /Users/maxcampbell/Library/Application Support/Paradox Interactive/launcher-v2.2021.1/Paradox Launcher.app/Contents/Frameworks/Electron Framework.framework/Versions/A/Resources/sv.lproj 
2021-06-22 09:39:11 [main] [INFO][0m File created: /Users/maxcampbell/Library/Application Support/Paradox Interactive/launcher-v2.2021.1/Paradox Launcher.app/Contents/Frameworks/Electron Framework.framework/Versions/A/Resources/sv.lproj/locale.pak
2021-06-22 09:39:11 [main] [INFO][0m Directory created: /Users/maxcampbell/Library/Application Support/Paradox Interactive/launcher-v2.2021.1/Paradox Launcher.app/Contents/Frameworks/Electron Framework.framework/Versions/A/Resources/te.lproj 
2021-06-22 09:39:11 [main] [INFO][0m File created: /Users/maxcampbell/Library/Application Support/Paradox Interactive/launcher-v2.2021.1/Paradox Launcher.app/Contents/Frameworks/Electron Framework.framework/Versions/A/Resources/te.lproj/locale.pak
2021-06-22 09:39:11 [main] [INFO][0m Directory created: /Users/maxcampbell/Library/Application Support/Paradox Interactive/launcher-v2.2021.1/Paradox Launcher.app/Contents/Frameworks/Electron Framework.framework/Versions/A/Resources/cs.lproj 
2021-06-22 09:39:11 [main] [INFO][0m File created: /Users/maxcampbell/Library/Application Support/Paradox Interactive/launcher-v2.2021.1/Paradox Launcher.app/Contents/Frameworks/Electron Framework.framework/Versions/A/Resources/cs.lproj/locale.pak
2021-06-22 09:39:11 [main] [INFO][0m Directory created: /Users/maxcampbell/Library/Application Support/Paradox Interactive/launcher-v2.2021.1/Paradox Launcher.app/Contents/Frameworks/Electron Framework.framework/Versions/A/Resources/ko.lproj 
2021-06-22 09:39:11 [main] [INFO][0m File created: /Users/maxcampbell/Library/Application Support/Paradox Interactive/launcher-v2.2021.1/Paradox Launcher.app/Contents/Frameworks/Electron Framework.framework/Versions/A/Resources/ko.lproj/locale.pak
2021-06-22 09:39:11 [main] [INFO][0m Directory created: /Users/maxcampbell/Library/Application Support/Paradox Interactive/launcher-v2.2021.1/Paradox Launcher.app/Contents/Frameworks/Electron Framework.framework/Versions/A/Resources/fil.lproj 
2021-06-22 09:39:11 [main] [INFO][0m File created: /Users/maxcampbell/Library/Application Support/Paradox Interactive/launcher-v2.2021.1/Paradox Launcher.app/Contents/Frameworks/Electron Framework.framework/Versions/A/Resources/fil.lproj/locale.pak
2021-06-22 09:39:11 [main] [INFO][0m File created: /Users/maxcampbell/Library/Application Support/Paradox Interactive/launcher-v2.2021.1/Paradox Launcher.app/Contents/Frameworks/Electron Framework.framework/Versions/A/Resources/MainMenu.nib
2021-06-22 09:39:11 [main] [INFO][0m Directory created: /Users/maxcampbell/Library/Application Support/Paradox Interactive/launcher-v2.2021.1/Paradox Launcher.app/Contents/Frameworks/Electron Framework.framework/Versions/A/Resources/hu.lproj 
2021-06-22 09:39:11 [main] [INFO][0m File created: /Users/maxcampbell/Library/Application Support/Paradox Interactive/launcher-v2.2021.1/Paradox Launcher.app/Contents/Frameworks/Electron Framework.framework/Versions/A/Resources/hu.lproj/locale.pak
2021-06-22 09:39:11 [main] [INFO][0m Directory created: /Users/maxcampbell/Library/Application Support/Paradox Interactive/launcher-v2.2021.1/Paradox Launcher.app/Contents/Frameworks/Electron Framework.framework/Versions/A/Resources/tr.lproj 
2021-06-22 09:39:11 [main] [INFO][0m File created: /Users/maxcampbell/Library/Application Support/Paradox Interactive/launcher-v2.2021.1/Paradox Launcher.app/Contents/Frameworks/Electron Framework.framework/Versions/A/Resources/tr.lproj/locale.pak
2021-06-22 09:39:11 [main] [INFO][0m Directory created: /Users/maxcampbell/Library/Application Support/Paradox Interactive/launcher-v2.2021.1/Paradox Launcher.app/Contents/Frameworks/Electron Framework.framework/Versions/A/Resources/pl.lproj 
2021-06-22 09:39:11 [main] [INFO][0m File created: /Users/maxcampbell/Library/Application Support/Paradox Interactive/launcher-v2.2021.1/Paradox Launcher.app/Contents/Frameworks/Electron Framework.framework/Versions/A/Resources/pl.lproj/locale.pak
2021-06-22 09:39:11 [main] [INFO][0m Directory created: /Users/maxcampbell/Library/Application Support/Paradox Interactive/launcher-v2.2021.1/Paradox Launcher.app/Contents/Frameworks/Electron Framework.framework/Versions/A/Resources/zh_TW.lproj 
2021-06-22 09:39:11 [main] [INFO][0m File created: /Users/maxcampbell/Library/Application Support/Paradox Interactive/launcher-v2.2021.1/Paradox Launcher.app/Contents/Frameworks/Electron Framework.framework/Versions/A/Resources/zh_TW.lproj/locale.pak
2021-06-22 09:39:11 [main] [INFO][0m Directory created: /Users/maxcampbell/Library/Application Support/Paradox Interactive/launcher-v2.2021.1/Paradox Launcher.app/Contents/Frameworks/Electron Framework.framework/Versions/A/Resources/en_GB.lproj 
2021-06-22 09:39:11 [main] [INFO][0m File created: /Users/maxcampbell/Library/Application Support/Paradox Interactive/launcher-v2.2021.1/Paradox Launcher.app/Contents/Frameworks/Electron Framework.framework/Versions/A/Resources/en_GB.lproj/locale.pak
2021-06-22 09:39:11 [main] [INFO][0m File created: /Users/maxcampbell/Library/Application Support/Paradox Interactive/launcher-v2.2021.1/Paradox Launcher.app/Contents/Frameworks/Electron Framework.framework/Versions/A/Resources/resources.pak
2021-06-22 09:39:11 [main] [INFO][0m Directory created: /Users/maxcampbell/Library/Application Support/Paradox Interactive/launcher-v2.2021.1/Paradox Launcher.app/Contents/Frameworks/Electron Framework.framework/Versions/A/Resources/vi.lproj 
2021-06-22 09:39:11 [main] [INFO][0m File created: /Users/maxcampbell/Library/Application Support/Paradox Interactive/launcher-v2.2021.1/Paradox Launcher.app/Contents/Frameworks/Electron Framework.framework/Versions/A/Resources/vi.lproj/locale.pak
2021-06-22 09:39:11 [main] [INFO][0m Directory created: /Users/maxcampbell/Library/Application Support/Paradox Interactive/launcher-v2.2021.1/Paradox Launcher.app/Contents/Frameworks/Electron Framework.framework/Versions/A/Resources/lv.lproj 
2021-06-22 09:39:11 [main] [INFO][0m File created: /Users/maxcampbell/Library/Application Support/Paradox Interactive/launcher-v2.2021.1/Paradox Launcher.app/Contents/Frameworks/Electron Framework.framework/Versions/A/Resources/lv.lproj/locale.pak
2021-06-22 09:39:11 [main] [INFO][0m Directory created: /Users/maxcampbell/Library/Application Support/Paradox Interactive/launcher-v2.2021.1/Paradox Launcher.app/Contents/Frameworks/Electron Framework.framework/Versions/A/Resources/lt.lproj 
2021-06-22 09:39:11 [main] [INFO][0m File created: /Users/maxcampbell/Library/Application Support/Paradox Interactive/launcher-v2.2021.1/Paradox Launcher.app/Contents/Frameworks/Electron Framework.framework/Versions/A/Resources/lt.lproj/locale.pak
2021-06-22 09:39:11 [main] [INFO][0m Directory created: /Users/maxcampbell/Library/Application Support/Paradox Interactive/launcher-v2.2021.1/Paradox Launcher.app/Contents/Frameworks/Electron Framework.framework/Versions/A/Resources/ru.lproj 
2021-06-22 09:39:11 [main] [INFO][0m File created: /Users/maxcampbell/Library/Application Support/Paradox Interactive/launcher-v2.2021.1/Paradox Launcher.app/Contents/Frameworks/Electron Framework.framework/Versions/A/Resources/ru.lproj/locale.pak
2021-06-22 09:39:11 [main] [INFO][0m File created: /Users/maxcampbell/Library/Application Support/Paradox Interactive/launcher-v2.2021.1/Paradox Launcher.app/Contents/Frameworks/Electron Framework.framework/Versions/A/Resources/v8_context_snapshot.x86_64.bin
2021-06-22 09:39:11 [main] [INFO][0m Directory created: /Users/maxcampbell/Library/Application Support/Paradox Interactive/launcher-v2.2021.1/Paradox Launcher.app/Contents/Frameworks/Electron Framework.framework/Versions/A/Resources/fr.lproj 
2021-06-22 09:39:11 [main] [INFO][0m File created: /Users/maxcampbell/Library/Application Support/Paradox Interactive/launcher-v2.2021.1/Paradox Launcher.app/Contents/Frameworks/Electron Framework.framework/Versions/A/Resources/fr.lproj/locale.pak
2021-06-22 09:39:11 [main] [INFO][0m Directory created: /Users/maxcampbell/Library/Application Support/Paradox Interactive/launcher-v2.2021.1/Paradox Launcher.app/Contents/Frameworks/Electron Framework.framework/Versions/A/Resources/fi.lproj 
2021-06-22 09:39:11 [main] [INFO][0m File created: /Users/maxcampbell/Library/Application Support/Paradox Interactive/launcher-v2.2021.1/Paradox Launcher.app/Contents/Frameworks/Electron Framework.framework/Versions/A/Resources/fi.lproj/locale.pak
2021-06-22 09:39:11 [main] [INFO][0m Directory created: /Users/maxcampbell/Library/Application Support/Paradox Interactive/launcher-v2.2021.1/Paradox Launcher.app/Contents/Frameworks/Electron Framework.framework/Versions/A/Resources/id.lproj 
2021-06-22 09:39:11 [main] [INFO][0m File created: /Users/maxcampbell/Library/Application Support/Paradox Interactive/launcher-v2.2021.1/Paradox Launcher.app/Contents/Frameworks/Electron Framework.framework/Versions/A/Resources/id.lproj/locale.pak
2021-06-22 09:39:11 [main] [INFO][0m Directory created: /Users/maxcampbell/Library/Application Support/Paradox Interactive/launcher-v2.2021.1/Paradox Launcher.app/Contents/Frameworks/Electron Framework.framework/Versions/A/Resources/nl.lproj 
2021-06-22 09:39:11 [main] [INFO][0m File created: /Users/maxcampbell/Library/Application Support/Paradox Interactive/launcher-v2.2021.1/Paradox Launcher.app/Contents/Frameworks/Electron Framework.framework/Versions/A/Resources/nl.lproj/locale.pak
2021-06-22 09:39:11 [main] [INFO][0m Directory created: /Users/maxcampbell/Library/Application Support/Paradox Interactive/launcher-v2.2021.1/Paradox Launcher.app/Contents/Frameworks/Electron Framework.framework/Versions/A/Resources/th.lproj 
2021-06-22 09:39:11 [main] [INFO][0m File created: /Users/maxcampbell/Library/Application Support/Paradox Interactive/launcher-v2.2021.1/Paradox Launcher.app/Contents/Frameworks/Electron Framework.framework/Versions/A/Resources/th.lproj/locale.pak
2021-06-22 09:39:11 [main] [INFO][0m Directory created: /Users/maxcampbell/Library/Application Support/Paradox Interactive/launcher-v2.2021.1/Paradox Launcher.app/Contents/Frameworks/Electron Framework.framework/Versions/A/Resources/bn.lproj 
2021-06-22 09:39:11 [main] [INFO][0m File created: /Users/maxcampbell/Library/Application Support/Paradox Interactive/launcher-v2.2021.1/Paradox Launcher.app/Contents/Frameworks/Electron Framework.framework/Versions/A/Resources/bn.lproj/locale.pak
2021-06-22 09:39:11 [main] [INFO][0m Directory created: /Users/maxcampbell/Library/Application Support/Paradox Interactive/launcher-v2.2021.1/Paradox Launcher.app/Contents/Frameworks/Electron Framework.framework/Versions/A/Resources/ro.lproj 
2021-06-22 09:39:11 [main] [INFO][0m File created: /Users/maxcampbell/Library/Application Support/Paradox Interactive/launcher-v2.2021.1/Paradox Launcher.app/Contents/Frameworks/Electron Framework.framework/Versions/A/Resources/ro.lproj/locale.pak
2021-06-22 09:39:11 [main] [INFO][0m File created: /Users/maxcampbell/Library/Application Support/Paradox Interactive/launcher-v2.2021.1/Paradox Launcher.app/Contents/Frameworks/Electron Framework.framework/Versions/A/Resources/Info.plist
2021-06-22 09:39:11 [main] [INFO][0m Directory created: /Users/maxcampbell/Library/Application Support/Paradox Interactive/launcher-v2.2021.1/Paradox Launcher.app/Contents/Frameworks/Electron Framework.framework/Versions/A/Resources/hr.lproj 
2021-06-22 09:39:11 [main] [INFO][0m File created: /Users/maxcampbell/Library/Application Support/Paradox Interactive/launcher-v2.2021.1/Paradox Launcher.app/Contents/Frameworks/Electron Framework.framework/Versions/A/Resources/hr.lproj/locale.pak
2021-06-22 09:39:11 [main] [INFO][0m Directory created: /Users/maxcampbell/Library/Application Support/Paradox Interactive/launcher-v2.2021.1/Paradox Launcher.app/Contents/Frameworks/Electron Framework.framework/Versions/A/Resources/hi.lproj 
2021-06-22 09:39:11 [main] [INFO][0m File created: /Users/maxcampbell/Library/Application Support/Paradox Interactive/launcher-v2.2021.1/Paradox Launcher.app/Contents/Frameworks/Electron Framework.framework/Versions/A/Resources/hi.lproj/locale.pak
2021-06-22 09:39:11 [main] [INFO][0m Directory created: /Users/maxcampbell/Library/Application Support/Paradox Interactive/launcher-v2.2021.1/Paradox Launcher.app/Contents/Frameworks/Electron Framework.framework/Versions/A/Resources/ca.lproj 
2021-06-22 09:39:11 [main] [INFO][0m File created: /Users/maxcampbell/Library/Application Support/Paradox Interactive/launcher-v2.2021.1/Paradox Launcher.app/Contents/Frameworks/Electron Framework.framework/Versions/A/Resources/ca.lproj/locale.pak
2021-06-22 09:39:11 [main] [INFO][0m Directory created: /Users/maxcampbell/Library/Application Support/Paradox Interactive/launcher-v2.2021.1/Paradox Launcher.app/Contents/Frameworks/Electron Framework.framework/Versions/A/Libraries 
2021-06-22 09:39:11 [main] [INFO][0m File created: /Users/maxcampbell/Library/Application Support/Paradox Interactive/launcher-v2.2021.1/Paradox Launcher.app/Contents/Frameworks/Electron Framework.framework/Versions/A/Libraries/libEGL.dylib
2021-06-22 09:39:11 [main] [INFO][0m File created: /Users/maxcampbell/Library/Application Support/Paradox Interactive/launcher-v2.2021.1/Paradox Launcher.app/Contents/Frameworks/Electron Framework.framework/Versions/A/Libraries/vk_swiftshader_icd.json
2021-06-22 09:39:11 [main] [INFO][0m File created: /Users/maxcampbell/Library/Application Support/Paradox Interactive/launcher-v2.2021.1/Paradox Launcher.app/Contents/Frameworks/Electron Framework.framework/Versions/A/Libraries/libswiftshader_libEGL.dylib
2021-06-22 09:39:11 [main] [INFO][0m File created: /Users/maxcampbell/Library/Application Support/Paradox Interactive/launcher-v2.2021.1/Paradox Launcher.app/Contents/Frameworks/Electron Framework.framework/Versions/A/Libraries/libvk_swiftshader.dylib
2021-06-22 09:39:12 [main] [INFO][0m File created: /Users/maxcampbell/Library/Application Support/Paradox Interactive/launcher-v2.2021.1/Paradox Launcher.app/Contents/Frameworks/Electron Framework.framework/Versions/A/Libraries/libGLESv2.dylib
2021-06-22 09:39:12 [main] [INFO][0m File created: /Users/maxcampbell/Library/Application Support/Paradox Interactive/launcher-v2.2021.1/Paradox Launcher.app/Contents/Frameworks/Electron Framework.framework/Versions/A/Libraries/libswiftshader_libGLESv2.dylib
2021-06-22 09:39:12 [main] [INFO][0m File created: /Users/maxcampbell/Library/Application Support/Paradox Interactive/launcher-v2.2021.1/Paradox Launcher.app/Contents/Frameworks/Electron Framework.framework/Versions/A/Libraries/libffmpeg.dylib
2021-06-22 09:39:12 [main] [INFO][0m Directory created: /Users/maxcampbell/Library/Application Support/Paradox Interactive/launcher-v2.2021.1/Paradox Launcher.app/Contents/Frameworks/Electron Framework.framework/Versions/A/Helpers 
2021-06-22 09:39:12 [main] [INFO][0m File created: /Users/maxcampbell/Library/Application Support/Paradox Interactive/launcher-v2.2021.1/Paradox Launcher.app/Contents/Frameworks/Electron Framework.framework/Versions/A/Helpers/chrome_crashpad_handler
2021-06-22 09:39:12 [main] [INFO][0m Symlink created: /Users/maxcampbell/Library/Application Support/Paradox Interactive/launcher-v2.2021.1/Paradox Launcher.app/Contents/Frameworks/Electron Framework.framework/Versions/Current
2021-06-22 09:39:12 [main] [INFO][0m Symlink created: /Users/maxcampbell/Library/Application Support/Paradox Interactive/launcher-v2.2021.1/Paradox Launcher.app/Contents/Frameworks/Electron Framework.framework/Libraries
2021-06-22 09:39:12 [main] [INFO][0m Symlink created: /Users/maxcampbell/Library/Application Support/Paradox Interactive/launcher-v2.2021.1/Paradox Launcher.app/Contents/Frameworks/Electron Framework.framework/Helpers
2021-06-22 09:39:12 [main] [INFO][0m Directory created: /Users/maxcampbell/Library/Application Support/Paradox Interactive/launcher-v2.2021.1/Paradox Launcher.app/Contents/Frameworks/ReactiveObjC.framework 
2021-06-22 09:39:12 [main] [INFO][0m Symlink created: /Users/maxcampbell/Library/Application Support/Paradox Interactive/launcher-v2.2021.1/Paradox Launcher.app/Contents/Frameworks/ReactiveObjC.framework/Resources
2021-06-22 09:39:12 [main] [INFO][0m Symlink created: /Users/maxcampbell/Library/Application Support/Paradox Interactive/launcher-v2.2021.1/Paradox Launcher.app/Contents/Frameworks/ReactiveObjC.framework/ReactiveObjC
2021-06-22 09:39:12 [main] [INFO][0m Directory created: /Users/maxcampbell/Library/Application Support/Paradox Interactive/launcher-v2.2021.1/Paradox Launcher.app/Contents/Frameworks/ReactiveObjC.framework/Versions 
2021-06-22 09:39:12 [main] [INFO][0m Directory created: /Users/maxcampbell/Library/Application Support/Paradox Interactive/launcher-v2.2021.1/Paradox Launcher.app/Contents/Frameworks/ReactiveObjC.framework/Versions/A 
2021-06-22 09:39:12 [main] [INFO][0m Directory created: /Users/maxcampbell/Library/Application Support/Paradox Interactive/launcher-v2.2021.1/Paradox Launcher.app/Contents/Frameworks/ReactiveObjC.framework/Versions/A/_CodeSignature 
2021-06-22 09:39:12 [main] [INFO][0m File created: /Users/maxcampbell/Library/Application Support/Paradox Interactive/launcher-v2.2021.1/Paradox Launcher.app/Contents/Frameworks/ReactiveObjC.framework/Versions/A/_CodeSignature/CodeResources
2021-06-22 09:39:12 [main] [INFO][0m Directory created: /Users/maxcampbell/Library/Application Support/Paradox Interactive/launcher-v2.2021.1/Paradox Launcher.app/Contents/Frameworks/ReactiveObjC.framework/Versions/A/Resources 
2021-06-22 09:39:12 [main] [INFO][0m File created: /Users/maxcampbell/Library/Application Support/Paradox Interactive/launcher-v2.2021.1/Paradox Launcher.app/Contents/Frameworks/ReactiveObjC.framework/Versions/A/Resources/Info.plist
2021-06-22 09:39:12 [main] [INFO][0m File created: /Users/maxcampbell/Library/Application Support/Paradox Interactive/launcher-v2.2021.1/Paradox Launcher.app/Contents/Frameworks/ReactiveObjC.framework/Versions/A/ReactiveObjC
2021-06-22 09:39:12 [main] [INFO][0m Symlink created: /Users/maxcampbell/Library/Application Support/Paradox Interactive/launcher-v2.2021.1/Paradox Launcher.app/Contents/Frameworks/ReactiveObjC.framework/Versions/Current
2021-06-22 09:39:12 [main] [INFO][0m Directory created: /Users/maxcampbell/Library/Application Support/Paradox Interactive/launcher-v2.2021.1/Paradox Launcher.app/Contents/Frameworks/Paradox Launcher Helper (GPU).app 
2021-06-22 09:39:12 [main] [INFO][0m Directory created: /Users/maxcampbell/Library/Application Support/Paradox Interactive/launcher-v2.2021.1/Paradox Launcher.app/Contents/Frameworks/Paradox Launcher Helper (GPU).app/Contents 
2021-06-22 09:39:12 [main] [INFO][0m Directory created: /Users/maxcampbell/Library/Application Support/Paradox Interactive/launcher-v2.2021.1/Paradox Launcher.app/Contents/Frameworks/Paradox Launcher Helper (GPU).app/Contents/_CodeSignature 
2021-06-22 09:39:12 [main] [INFO][0m File created: /Users/maxcampbell/Library/Application Support/Paradox Interactive/launcher-v2.2021.1/Paradox Launcher.app/Contents/Frameworks/Paradox Launcher Helper (GPU).app/Contents/_CodeSignature/CodeResources
2021-06-22 09:39:12 [main] [INFO][0m Directory created: /Users/maxcampbell/Library/Application Support/Paradox Interactive/launcher-v2.2021.1/Paradox Launcher.app/Contents/Frameworks/Paradox Launcher Helper (GPU).app/Contents/MacOS 
2021-06-22 09:39:12 [main] [INFO][0m File created: /Users/maxcampbell/Library/Application Support/Paradox Interactive/launcher-v2.2021.1/Paradox Launcher.app/Contents/Frameworks/Paradox Launcher Helper (GPU).app/Contents/MacOS/Paradox Launcher Helper (GPU)
2021-06-22 09:39:12 [main] [INFO][0m File created: /Users/maxcampbell/Library/Application Support/Paradox Interactive/launcher-v2.2021.1/Paradox Launcher.app/Contents/Frameworks/Paradox Launcher Helper (GPU).app/Contents/Info.plist
2021-06-22 09:39:12 [main] [INFO][0m File created: /Users/maxcampbell/Library/Application Support/Paradox Interactive/launcher-v2.2021.1/Paradox Launcher.app/Contents/Frameworks/Paradox Launcher Helper (GPU).app/Contents/PkgInfo
2021-06-22 09:39:12 [main] [INFO][0m Directory created: /Users/maxcampbell/Library/Application Support/Paradox Interactive/launcher-v2.2021.1/Paradox Launcher.app/Contents/Frameworks/Squirrel.framework 
2021-06-22 09:39:12 [main] [INFO][0m Symlink created: /Users/maxcampbell/Library/Application Support/Paradox Interactive/launcher-v2.2021.1/Paradox Launcher.app/Contents/Frameworks/Squirrel.framework/Resources
2021-06-22 09:39:12 [main] [INFO][0m Directory created: /Users/maxcampbell/Library/Application Support/Paradox Interactive/launcher-v2.2021.1/Paradox Launcher.app/Contents/Frameworks/Squirrel.framework/Versions 
2021-06-22 09:39:12 [main] [INFO][0m Directory created: /Users/maxcampbell/Library/Application Support/Paradox Interactive/launcher-v2.2021.1/Paradox Launcher.app/Contents/Frameworks/Squirrel.framework/Versions/A 
2021-06-22 09:39:12 [main] [INFO][0m Directory created: /Users/maxcampbell/Library/Application Support/Paradox Interactive/launcher-v2.2021.1/Paradox Launcher.app/Contents/Frameworks/Squirrel.framework/Versions/A/_CodeSignature 
2021-06-22 09:39:12 [main] [INFO][0m File created: /Users/maxcampbell/Library/Application Support/Paradox Interactive/launcher-v2.2021.1/Paradox Launcher.app/Contents/Frameworks/Squirrel.framework/Versions/A/_CodeSignature/CodeResources
2021-06-22 09:39:12 [main] [INFO][0m Directory created: /Users/maxcampbell/Library/Application Support/Paradox Interactive/launcher-v2.2021.1/Paradox Launcher.app/Contents/Frameworks/Squirrel.framework/Versions/A/Resources 
2021-06-22 09:39:12 [main] [INFO][0m File created: /Users/maxcampbell/Library/Application Support/Paradox Interactive/launcher-v2.2021.1/Paradox Launcher.app/Contents/Frameworks/Squirrel.framework/Versions/A/Resources/ShipIt
2021-06-22 09:39:12 [main] [INFO][0m File created: /Users/maxcampbell/Library/Application Support/Paradox Interactive/launcher-v2.2021.1/Paradox Launcher.app/Contents/Frameworks/Squirrel.framework/Versions/A/Resources/Info.plist
2021-06-22 09:39:12 [main] [INFO][0m File created: /Users/maxcampbell/Library/Application Support/Paradox Interactive/launcher-v2.2021.1/Paradox Launcher.app/Contents/Frameworks/Squirrel.framework/Versions/A/Squirrel
2021-06-22 09:39:12 [main] [INFO][0m Symlink created: /Users/maxcampbell/Library/Application Support/Paradox Interactive/launcher-v2.2021.1/Paradox Launcher.app/Contents/Frameworks/Squirrel.framework/Versions/Current
2021-06-22 09:39:12 [main] [INFO][0m Symlink created: /Users/maxcampbell/Library/Application Support/Paradox Interactive/launcher-v2.2021.1/Paradox Launcher.app/Contents/Frameworks/Squirrel.framework/Squirrel
2021-06-22 09:39:12 [main] [INFO][0m Directory created: /Users/maxcampbell/Library/Application Support/Paradox Interactive/launcher-v2.2021.1/Paradox Launcher.app/Contents/Frameworks/Mantle.framework 
2021-06-22 09:39:12 [main] [INFO][0m Symlink created: /Users/maxcampbell/Library/Application Support/Paradox Interactive/launcher-v2.2021.1/Paradox Launcher.app/Contents/Frameworks/Mantle.framework/Mantle
2021-06-22 09:39:12 [main] [INFO][0m Symlink created: /Users/maxcampbell/Library/Application Support/Paradox Interactive/launcher-v2.2021.1/Paradox Launcher.app/Contents/Frameworks/Mantle.framework/Resources
2021-06-22 09:39:12 [main] [INFO][0m Directory created: /Users/maxcampbell/Library/Application Support/Paradox Interactive/launcher-v2.2021.1/Paradox Launcher.app/Contents/Frameworks/Mantle.framework/Versions 
2021-06-22 09:39:12 [main] [INFO][0m Directory created: /Users/maxcampbell/Library/Application Support/Paradox Interactive/launcher-v2.2021.1/Paradox Launcher.app/Contents/Frameworks/Mantle.framework/Versions/A 
2021-06-22 09:39:12 [main] [INFO][0m Directory created: /Users/maxcampbell/Library/Application Support/Paradox Interactive/launcher-v2.2021.1/Paradox Launcher.app/Contents/Frameworks/Mantle.framework/Versions/A/_CodeSignature 
2021-06-22 09:39:12 [main] [INFO][0m File created: /Users/maxcampbell/Library/Application Support/Paradox Interactive/launcher-v2.2021.1/Paradox Launcher.app/Contents/Frameworks/Mantle.framework/Versions/A/_CodeSignature/CodeResources
2021-06-22 09:39:12 [main] [INFO][0m File created: /Users/maxcampbell/Library/Application Support/Paradox Interactive/launcher-v2.2021.1/Paradox Launcher.app/Contents/Frameworks/Mantle.framework/Versions/A/Mantle
2021-06-22 09:39:12 [main] [INFO][0m Directory created: /Users/maxcampbell/Library/Application Support/Paradox Interactive/launcher-v2.2021.1/Paradox Launcher.app/Contents/Frameworks/Mantle.framework/Versions/A/Resources 
2021-06-22 09:39:12 [main] [INFO][0m File created: /Users/maxcampbell/Library/Application Support/Paradox Interactive/launcher-v2.2021.1/Paradox Launcher.app/Contents/Frameworks/Mantle.framework/Versions/A/Resources/Info.plist
2021-06-22 09:39:12 [main] [INFO][0m Symlink created: /Users/maxcampbell/Library/Application Support/Paradox Interactive/launcher-v2.2021.1/Paradox Launcher.app/Contents/Frameworks/Mantle.framework/Versions/Current
2021-06-22 09:39:12 [main] [INFO][0m Directory created: /Users/maxcampbell/Library/Application Support/Paradox Interactive/launcher-v2.2021.1/Paradox Launcher.app/Contents/Frameworks/Paradox Launcher Helper (Renderer).app 
2021-06-22 09:39:12 [main] [INFO][0m Directory created: /Users/maxcampbell/Library/Application Support/Paradox Interactive/launcher-v2.2021.1/Paradox Launcher.app/Contents/Frameworks/Paradox Launcher Helper (Renderer).app/Contents 
2021-06-22 09:39:12 [main] [INFO][0m Directory created: /Users/maxcampbell/Library/Application Support/Paradox Interactive/launcher-v2.2021.1/Paradox Launcher.app/Contents/Frameworks/Paradox Launcher Helper (Renderer).app/Contents/_CodeSignature 
2021-06-22 09:39:12 [main] [INFO][0m File created: /Users/maxcampbell/Library/Application Support/Paradox Interactive/launcher-v2.2021.1/Paradox Launcher.app/Contents/Frameworks/Paradox Launcher Helper (Renderer).app/Contents/_CodeSignature/CodeResources
2021-06-22 09:39:12 [main] [INFO][0m Directory created: /Users/maxcampbell/Library/Application Support/Paradox Interactive/launcher-v2.2021.1/Paradox Launcher.app/Contents/Frameworks/Paradox Launcher Helper (Renderer).app/Contents/MacOS 
2021-06-22 09:39:12 [main] [INFO][0m File created: /Users/maxcampbell/Library/Application Support/Paradox Interactive/launcher-v2.2021.1/Paradox Launcher.app/Contents/Frameworks/Paradox Launcher Helper (Renderer).app/Contents/MacOS/Paradox Launcher Helper (Renderer)
2021-06-22 09:39:12 [main] [INFO][0m File created: /Users/maxcampbell/Library/Application Support/Paradox Interactive/launcher-v2.2021.1/Paradox Launcher.app/Contents/Frameworks/Paradox Launcher Helper (Renderer).app/Contents/Info.plist
2021-06-22 09:39:12 [main] [INFO][0m File created: /Users/maxcampbell/Library/Application Support/Paradox Interactive/launcher-v2.2021.1/Paradox Launcher.app/Contents/Frameworks/Paradox Launcher Helper (Renderer).app/Contents/PkgInfo
2021-06-22 09:39:12 [main] [INFO][0m Directory created: /Users/maxcampbell/Library/Application Support/Paradox Interactive/launcher-v2.2021.1/Paradox Launcher.app/Contents/Frameworks/Paradox Launcher Helper (Plugin).app 
2021-06-22 09:39:12 [main] [INFO][0m Directory created: /Users/maxcampbell/Library/Application Support/Paradox Interactive/launcher-v2.2021.1/Paradox Launcher.app/Contents/Frameworks/Paradox Launcher Helper (Plugin).app/Contents 
2021-06-22 09:39:12 [main] [INFO][0m Directory created: /Users/maxcampbell/Library/Application Support/Paradox Interactive/launcher-v2.2021.1/Paradox Launcher.app/Contents/Frameworks/Paradox Launcher Helper (Plugin).app/Contents/_CodeSignature 
2021-06-22 09:39:12 [main] [INFO][0m File created: /Users/maxcampbell/Library/Application Support/Paradox Interactive/launcher-v2.2021.1/Paradox Launcher.app/Contents/Frameworks/Paradox Launcher Helper (Plugin).app/Contents/_CodeSignature/CodeResources
2021-06-22 09:39:12 [main] [INFO][0m Directory created: /Users/maxcampbell/Library/Application Support/Paradox Interactive/launcher-v2.2021.1/Paradox Launcher.app/Contents/Frameworks/Paradox Launcher Helper (Plugin).app/Contents/MacOS 
2021-06-22 09:39:12 [main] [INFO][0m File created: /Users/maxcampbell/Library/Application Support/Paradox Interactive/launcher-v2.2021.1/Paradox Launcher.app/Contents/Frameworks/Paradox Launcher Helper (Plugin).app/Contents/MacOS/Paradox Launcher Helper (Plugin)
2021-06-22 09:39:12 [main] [INFO][0m File created: /Users/maxcampbell/Library/Application Support/Paradox Interactive/launcher-v2.2021.1/Paradox Launcher.app/Contents/Frameworks/Paradox Launcher Helper (Plugin).app/Contents/Info.plist
2021-06-22 09:39:12 [main] [INFO][0m File created: /Users/maxcampbell/Library/Application Support/Paradox Interactive/launcher-v2.2021.1/Paradox Launcher.app/Contents/Frameworks/Paradox Launcher Helper (Plugin).app/Contents/PkgInfo
2021-06-22 09:39:12 [main] [INFO][0m Directory created: /Users/maxcampbell/Library/Application Support/Paradox Interactive/launcher-v2.2021.1/Paradox Launcher.app/Contents/Frameworks/Paradox Launcher Helper.app 
2021-06-22 09:39:12 [main] [INFO][0m Directory created: /Users/maxcampbell/Library/Application Support/Paradox Interactive/launcher-v2.2021.1/Paradox Launcher.app/Contents/Frameworks/Paradox Launcher Helper.app/Contents 
2021-06-22 09:39:12 [main] [INFO][0m Directory created: /Users/maxcampbell/Library/Application Support/Paradox Interactive/launcher-v2.2021.1/Paradox Launcher.app/Contents/Frameworks/Paradox Launcher Helper.app/Contents/_CodeSignature 
2021-06-22 09:39:12 [main] [INFO][0m File created: /Users/maxcampbell/Library/Application Support/Paradox Interactive/launcher-v2.2021.1/Paradox Launcher.app/Contents/Frameworks/Paradox Launcher Helper.app/Contents/_CodeSignature/CodeResources
2021-06-22 09:39:12 [main] [INFO][0m Directory created: /Users/maxcampbell/Library/Application Support/Paradox Interactive/launcher-v2.2021.1/Paradox Launcher.app/Contents/Frameworks/Paradox Launcher Helper.app/Contents/MacOS 
2021-06-22 09:39:12 [main] [INFO][0m File created: /Users/maxcampbell/Library/Application Support/Paradox Interactive/launcher-v2.2021.1/Paradox Launcher.app/Contents/Frameworks/Paradox Launcher Helper.app/Contents/MacOS/Paradox Launcher Helper
2021-06-22 09:39:12 [main] [INFO][0m File created: /Users/maxcampbell/Library/Application Support/Paradox Interactive/launcher-v2.2021.1/Paradox Launcher.app/Contents/Frameworks/Paradox Launcher Helper.app/Contents/Info.plist
2021-06-22 09:39:12 [main] [INFO][0m File created: /Users/maxcampbell/Library/Application Support/Paradox Interactive/launcher-v2.2021.1/Paradox Launcher.app/Contents/Frameworks/Paradox Launcher Helper.app/Contents/PkgInfo
2021-06-22 09:39:12 [main] [INFO][0m File created: /Users/maxcampbell/Library/Application Support/Paradox Interactive/launcher-v2.2021.1/Paradox Launcher.app/Contents/Info.plist
2021-06-22 09:39:12 [main] [INFO][0m File created: /Users/maxcampbell/Library/Application Support/Paradox Interactive/launcher-v2.2021.1/Paradox Launcher.app/Contents/PkgInfo
2021-06-22 09:39:12 [main] [INFO][0m Directory created: /Users/maxcampbell/Library/Application Support/Paradox Interactive/launcher-v2.2021.1/dowser 
2021-06-22 09:39:12 [main] [INFO][0m Directory created: /Users/maxcampbell/Library/Application Support/Paradox Interactive/launcher-v2.2021.1/dowser/2020.6 
2021-06-22 09:39:12 [main] [INFO][0m Directory created: /Users/maxcampbell/Library/Application Support/Paradox Interactive/launcher-v2.2021.1/dowser/2020.6/macos 
2021-06-22 09:39:12 [main] [INFO][0m File created: /Users/maxcampbell/Library/Application Support/Paradox Interactive/launcher-v2.2021.1/dowser/2020.6/macos/artifact.zip
2021-06-22 09:39:12 [main] [INFO][0m Directory created: /Users/maxcampbell/Library/Application Support/Paradox Interactive/launcher-v2.2021.1/.cpatch 
2021-06-22 09:39:12 [main] [INFO][0m Directory created: /Users/maxcampbell/Library/Application Support/Paradox Interactive/launcher-v2.2021.1/.cpatch/launcher-v2_1 
2021-06-22 09:39:12 [main] [INFO][0m File created: /Users/maxcampbell/Library/Application Support/Paradox Interactive/launcher-v2.2021.1/.cpatch/launcher-v2_1/repository.json.asc
2021-06-22 09:39:12 [main] [INFO][0m File created: /Users/maxcampbell/Library/Application Support/Paradox Interactive/launcher-v2.2021.1/.cpatch/launcher-v2_1/repository.json
2021-06-22 09:39:12 [main] [INFO][0m File created: /Users/maxcampbell/Library/Application Support/Paradox Interactive/launcher-v2.2021.1/.cpatch/launcher-v2_1/version
2021-06-22 09:39:12 [main] [INFO][0m Directory created: /Users/maxcampbell/Library/Application Support/Paradox Interactive/launcher-v2.2021.1/.cpatch/launcher-v2_1/2021.1 
2021-06-22 09:39:12 [main] [INFO][0m Directory created: /Users/maxcampbell/Library/Application Support/Paradox Interactive/launcher-v2.2021.1/.cpatch/launcher-v2_1/2021.1/_dependencies 
2021-06-22 09:39:12 [main] [INFO][0m File created: /Users/maxcampbell/Library/Application Support/Paradox Interactive/launcher-v2.2021.1/.cpatch/launcher-v2_1/2021.1/_dependencies/manifest.asc
2021-06-22 09:39:12 [main] [INFO][0m File created: /Users/maxcampbell/Library/Application Support/Paradox Interactive/launcher-v2.2021.1/.cpatch/launcher-v2_1/2021.1/_dependencies/manifest
2021-06-22 09:39:12 [main] [INFO][0m Directory created: /Users/maxcampbell/Library/Application Support/Paradox Interactive/launcher-v2.2021.1/.cpatch/launcher-v2_1/2021.1/complete 
2021-06-22 09:39:12 [main] [INFO][0m File created: /Users/maxcampbell/Library/Application Support/Paradox Interactive/launcher-v2.2021.1/.cpatch/launcher-v2_1/2021.1/complete/manifest.asc
2021-06-22 09:39:12 [main] [INFO][0m File created: /Users/maxcampbell/Library/Application Support/Paradox Interactive/launcher-v2.2021.1/.cpatch/launcher-v2_1/2021.1/complete/manifest
2021-06-22 09:39:12 [main] [INFO][0m Directory created: /Users/maxcampbell/Library/Application Support/Paradox Interactive/launcher-v2.2021.1/.cpatch/launcher-v2_1/_keys 
2021-06-22 09:39:12 [main] [INFO][0m File created: /Users/maxcampbell/Library/Application Support/Paradox Interactive/launcher-v2.2021.1/.cpatch/launcher-v2_1/_keys/public.gpg
2021-06-22 09:39:12 [main] [INFO][0m File created: /Users/maxcampbell/Library/Application Support/Paradox Interactive/launcher-v2.2021.1/ThirdPartyLicenses.txt
2021-06-22 09:39:12 [main] [INFO][0m Launcher installed in /Users/maxcampbell/Library/Application Support/Paradox Interactive/launcher-v2.2021.1
2021-06-22 09:39:12 [main] [INFO][0m Installing bootstrapper
2021-06-22 09:39:12 [main] [INFO][0m Directory created: /Users/maxcampbell/Library/Application Support/Paradox Interactive/.cpatch 
2021-06-22 09:39:12 [main] [INFO][0m Directory created: /Users/maxcampbell/Library/Application Support/Paradox Interactive/.cpatch/launcher-v2-bootstrapper 
2021-06-22 09:39:12 [main] [INFO][0m Directory created: /Users/maxcampbell/Library/Application Support/Paradox Interactive/.cpatch/launcher-v2-bootstrapper/2020.6 
2021-06-22 09:39:12 [main] [INFO][0m Directory created: /Users/maxcampbell/Library/Application Support/Paradox Interactive/.cpatch/launcher-v2-bootstrapper/2020.6/_dependencies 
2021-06-22 09:39:12 [main] [INFO][0m File created: /Users/maxcampbell/Library/Application Support/Paradox Interactive/.cpatch/launcher-v2-bootstrapper/2020.6/_dependencies/manifest.asc
2021-06-22 09:39:12 [main] [INFO][0m File created: /Users/maxcampbell/Library/Application Support/Paradox Interactive/.cpatch/launcher-v2-bootstrapper/2020.6/_dependencies/manifest
2021-06-22 09:39:12 [main] [INFO][0m Directory created: /Users/maxcampbell/Library/Application Support/Paradox Interactive/.cpatch/launcher-v2-bootstrapper/2020.6/complete 
2021-06-22 09:39:12 [main] [INFO][0m File created: /Users/maxcampbell/Library/Application Support/Paradox Interactive/.cpatch/launcher-v2-bootstrapper/2020.6/complete/manifest.asc
2021-06-22 09:39:12 [main] [INFO][0m File created: /Users/maxcampbell/Library/Application Support/Paradox Interactive/.cpatch/launcher-v2-bootstrapper/2020.6/complete/manifest
2021-06-22 09:39:12 [main] [INFO][0m File created: /Users/maxcampbell/Library/Application Support/Paradox Interactive/.cpatch/launcher-v2-bootstrapper/repository.json.asc
2021-06-22 09:39:12 [main] [INFO][0m File created: /Users/maxcampbell/Library/Application Support/Paradox Interactive/.cpatch/launcher-v2-bootstrapper/repository.json
2021-06-22 09:39:12 [main] [INFO][0m File created: /Users/maxcampbell/Library/Application Support/Paradox Interactive/.cpatch/launcher-v2-bootstrapper/version
2021-06-22 09:39:12 [main] [INFO][0m Directory created: /Users/maxcampbell/Library/Application Support/Paradox Interactive/.cpatch/launcher-v2-bootstrapper/_keys 
2021-06-22 09:39:12 [main] [INFO][0m File created: /Users/maxcampbell/Library/Application Support/Paradox Interactive/.cpatch/launcher-v2-bootstrapper/_keys/public.gpg
2021-06-22 09:39:12 [main] [INFO][0m File created: /Users/maxcampbell/Library/Application Support/Paradox Interactive/ThirdPartyLicenses.txt
2021-06-22 09:39:12 [main] [INFO][0m File created: /Users/maxcampbell/Library/Application Support/Paradox Interactive/bootstrapper-v2
2021-06-22 09:39:12 [main] [INFO][0m Bootstrapper installed in /Users/maxcampbell/Library/Application Support/Paradox Interactive
2021-06-22 09:39:12 [main] [INFO][0m launcherfile saved in /Users/maxcampbell/Library/Preferences/Paradox Interactive/launcherpath 
2021-06-22 09:39:12 [main] [INFO][0m Installation finished
