INFO:2021-07-19 13:07:00,689:abl.webconnector.main:Start
INFO:2021-07-19 13:07:00,708:abl.webconnector.main:Cleanup event logs.
INFO:2021-07-19 13:07:05,713:abl.webconnector.main:Upload info.
INFO:2021-07-19 13:07:05,759:abl.webconnector.auto_updates:Checking for auto updates from 11.0.5
INFO:2021-07-19 13:07:06,517:abl.webconnector.auto_updates:No update found; terminating
INFO:2021-07-19 13:07:06,762:abl.webconnector.main:End
INFO:2021-07-25 13:53:29,482:abl.webconnector.main:Start
INFO:2021-07-25 13:53:29,487:abl.webconnector.main:Cleanup event logs.
INFO:2021-07-25 13:53:34,489:abl.webconnector.main:Upload info.
INFO:2021-07-25 13:53:34,531:abl.webconnector.auto_updates:Checking for auto updates from 11.0.5
INFO:2021-07-25 13:53:36,158:abl.webconnector.auto_updates:No update found; terminating
INFO:2021-07-25 13:53:36,538:abl.webconnector.main:End
INFO:2021-07-26 19:58:03,091:abl.webconnector.main:Start
INFO:2021-07-26 19:58:03,098:abl.webconnector.main:Cleanup event logs.
INFO:2021-07-26 19:58:08,104:abl.webconnector.main:Upload info.
INFO:2021-07-26 19:58:08,146:abl.webconnector.auto_updates:Checking for auto updates from 11.0.5
INFO:2021-07-26 19:58:09,036:abl.webconnector.auto_updates:No update found; terminating
INFO:2021-07-26 19:58:09,151:abl.webconnector.main:End
INFO:2021-07-30 20:44:10,519:abl.webconnector.main:Start
INFO:2021-07-30 20:44:10,523:abl.webconnector.main:Cleanup event logs.
INFO:2021-07-30 20:44:15,533:abl.webconnector.main:Upload info.
INFO:2021-07-30 20:44:15,588:abl.webconnector.auto_updates:Checking for auto updates from 11.0.5
INFO:2021-07-30 20:44:16,695:abl.webconnector.auto_updates:No update found; terminating
INFO:2021-07-30 20:44:17,598:abl.webconnector.main:End
INFO:2021-08-07 09:58:49,062:abl.webconnector.main:Start
INFO:2021-08-07 09:58:49,069:abl.webconnector.main:Cleanup event logs.
INFO:2021-08-07 09:58:54,074:abl.webconnector.main:Upload info.
INFO:2021-08-07 09:58:54,122:abl.webconnector.auto_updates:Checking for auto updates from 11.0.5
INFO:2021-08-07 09:58:55,058:abl.webconnector.auto_updates:No update found; terminating
INFO:2021-08-07 09:58:55,127:abl.webconnector.main:End
